{
  "/home/newuser/Documents/spotlight/packages/overlay/src/constants.ts": {
    "path": "/home/newuser/Documents/spotlight/packages/overlay/src/constants.ts",
    "all": false,
    "statementMap": {
      "0": { "start": { "line": 1, "column": 0 }, "end": { "line": 1, "column": 66 } },
      "1": { "start": { "line": 2, "column": 0 }, "end": { "line": 2, "column": 0 } },
      "2": { "start": { "line": 3, "column": 0 }, "end": { "line": 3, "column": 36 } },
      "3": { "start": { "line": 4, "column": 0 }, "end": { "line": 4, "column": 36 } },
      "4": { "start": { "line": 5, "column": 0 }, "end": { "line": 5, "column": 2 } },
      "5": { "start": { "line": 6, "column": 0 }, "end": { "line": 6, "column": 0 } },
      "6": { "start": { "line": 7, "column": 0 }, "end": { "line": 7, "column": 44 } }
    },
    "s": { "0": 1, "1": 1, "2": 1, "3": 1, "4": 1, "5": 1, "6": 1 },
    "branchMap": {},
    "b": {},
    "fnMap": {},
    "f": {}
  },
  "/home/newuser/Documents/spotlight/packages/overlay/src/components/Badge.tsx": {
    "path": "/home/newuser/Documents/spotlight/packages/overlay/src/components/Badge.tsx",
    "all": false,
    "statementMap": {
      "0": { "start": { "line": 1, "column": 0 }, "end": { "line": 1, "column": 44 } },
      "1": { "start": { "line": 2, "column": 0 }, "end": { "line": 2, "column": 0 } },
      "2": { "start": { "line": 3, "column": 0 }, "end": { "line": 3, "column": 81 } },
      "3": { "start": { "line": 4, "column": 0 }, "end": { "line": 4, "column": 10 } },
      "4": { "start": { "line": 5, "column": 0 }, "end": { "line": 5, "column": 120 } },
      "5": { "start": { "line": 6, "column": 0 }, "end": { "line": 6, "column": 4 } },
      "6": { "start": { "line": 7, "column": 0 }, "end": { "line": 7, "column": 1 } }
    },
    "s": { "0": 1, "1": 1, "2": 0, "3": 0, "4": 0, "5": 0, "6": 0 },
    "branchMap": {},
    "b": {},
    "fnMap": {
      "0": {
        "name": "Badge",
        "decl": { "start": { "line": 3, "column": 0 }, "end": { "line": 7, "column": 1 } },
        "loc": { "start": { "line": 3, "column": 0 }, "end": { "line": 7, "column": 1 } },
        "line": 3
      }
    },
    "f": { "0": 0 }
  },
  "/home/newuser/Documents/spotlight/packages/overlay/src/components/Breadcrumbs.tsx": {
    "path": "/home/newuser/Documents/spotlight/packages/overlay/src/components/Breadcrumbs.tsx",
    "all": false,
    "statementMap": {
      "0": { "start": { "line": 1, "column": 0 }, "end": { "line": 1, "column": 40 } },
      "1": { "start": { "line": 2, "column": 0 }, "end": { "line": 2, "column": 73 } },
      "2": { "start": { "line": 3, "column": 0 }, "end": { "line": 3, "column": 42 } },
      "3": { "start": { "line": 4, "column": 0 }, "end": { "line": 4, "column": 42 } },
      "4": { "start": { "line": 5, "column": 0 }, "end": { "line": 5, "column": 0 } },
      "5": { "start": { "line": 6, "column": 0 }, "end": { "line": 6, "column": 66 } },
      "6": { "start": { "line": 7, "column": 0 }, "end": { "line": 7, "column": 10 } },
      "7": { "start": { "line": 8, "column": 0 }, "end": { "line": 8, "column": 55 } },
      "8": { "start": { "line": 9, "column": 0 }, "end": { "line": 9, "column": 37 } },
      "9": { "start": { "line": 10, "column": 0 }, "end": { "line": 10, "column": 56 } },
      "10": { "start": { "line": 11, "column": 0 }, "end": { "line": 11, "column": 16 } },
      "11": { "start": { "line": 12, "column": 0 }, "end": { "line": 12, "column": 66 } },
      "12": { "start": { "line": 13, "column": 0 }, "end": { "line": 13, "column": 107 } },
      "13": { "start": { "line": 14, "column": 0 }, "end": { "line": 14, "column": 39 } },
      "14": { "start": { "line": 15, "column": 0 }, "end": { "line": 15, "column": 19 } },
      "15": { "start": { "line": 16, "column": 0 }, "end": { "line": 16, "column": 38 } },
      "16": { "start": { "line": 17, "column": 0 }, "end": { "line": 17, "column": 72 } },
      "17": { "start": { "line": 18, "column": 0 }, "end": { "line": 18, "column": 76 } },
      "18": { "start": { "line": 19, "column": 0 }, "end": { "line": 19, "column": 18 } },
      "19": { "start": { "line": 20, "column": 0 }, "end": { "line": 20, "column": 29 } },
      "20": { "start": { "line": 21, "column": 0 }, "end": { "line": 21, "column": 15 } },
      "21": { "start": { "line": 22, "column": 0 }, "end": { "line": 22, "column": 29 } },
      "22": { "start": { "line": 23, "column": 0 }, "end": { "line": 23, "column": 21 } },
      "23": { "start": { "line": 24, "column": 0 }, "end": { "line": 24, "column": 17 } },
      "24": { "start": { "line": 25, "column": 0 }, "end": { "line": 25, "column": 118 } },
      "25": { "start": { "line": 26, "column": 0 }, "end": { "line": 26, "column": 29 } },
      "26": { "start": { "line": 27, "column": 0 }, "end": { "line": 27, "column": 21 } },
      "27": { "start": { "line": 28, "column": 0 }, "end": { "line": 28, "column": 14 } },
      "28": { "start": { "line": 29, "column": 0 }, "end": { "line": 29, "column": 16 } },
      "29": { "start": { "line": 30, "column": 0 }, "end": { "line": 30, "column": 10 } },
      "30": { "start": { "line": 31, "column": 0 }, "end": { "line": 31, "column": 9 } },
      "31": { "start": { "line": 32, "column": 0 }, "end": { "line": 32, "column": 10 } },
      "32": { "start": { "line": 33, "column": 0 }, "end": { "line": 33, "column": 4 } },
      "33": { "start": { "line": 34, "column": 0 }, "end": { "line": 34, "column": 1 } }
    },
    "s": {
      "0": 1,
      "1": 1,
      "2": 1,
      "3": 1,
      "4": 1,
      "5": 0,
      "6": 0,
      "7": 0,
      "8": 0,
      "9": 0,
      "10": 0,
      "11": 0,
      "12": 0,
      "13": 0,
      "14": 0,
      "15": 0,
      "16": 0,
      "17": 0,
      "18": 0,
      "19": 0,
      "20": 0,
      "21": 0,
      "22": 0,
      "23": 0,
      "24": 0,
      "25": 0,
      "26": 0,
      "27": 0,
      "28": 0,
      "29": 0,
      "30": 0,
      "31": 0,
      "32": 0,
      "33": 0
    },
    "branchMap": {},
    "b": {},
    "fnMap": {
      "0": {
        "name": "Breadcrumbs",
        "decl": { "start": { "line": 6, "column": 0 }, "end": { "line": 34, "column": 1 } },
        "loc": { "start": { "line": 6, "column": 0 }, "end": { "line": 34, "column": 1 } },
        "line": 6
      }
    },
    "f": { "0": 0 }
  },
  "/home/newuser/Documents/spotlight/packages/overlay/src/components/CardList.tsx": {
    "path": "/home/newuser/Documents/spotlight/packages/overlay/src/components/CardList.tsx",
    "all": false,
    "statementMap": {
      "0": { "start": { "line": 1, "column": 0 }, "end": { "line": 1, "column": 49 } },
      "1": { "start": { "line": 2, "column": 0 }, "end": { "line": 2, "column": 0 } },
      "2": { "start": { "line": 3, "column": 0 }, "end": { "line": 3, "column": 93 } },
      "3": { "start": { "line": 4, "column": 0 }, "end": { "line": 4, "column": 111 } },
      "4": { "start": { "line": 5, "column": 0 }, "end": { "line": 5, "column": 1 } }
    },
    "s": { "0": 1, "1": 1, "2": 0, "3": 0, "4": 0 },
    "branchMap": {},
    "b": {},
    "fnMap": {
      "0": {
        "name": "CardList",
        "decl": { "start": { "line": 3, "column": 0 }, "end": { "line": 5, "column": 1 } },
        "loc": { "start": { "line": 3, "column": 0 }, "end": { "line": 5, "column": 1 } },
        "line": 3
      }
    },
    "f": { "0": 0 }
  },
  "/home/newuser/Documents/spotlight/packages/overlay/src/components/RingChart.tsx": {
    "path": "/home/newuser/Documents/spotlight/packages/overlay/src/components/RingChart.tsx",
    "all": false,
    "statementMap": {
      "0": { "start": { "line": 1, "column": 0 }, "end": { "line": 1, "column": 39 } },
      "1": { "start": { "line": 2, "column": 0 }, "end": { "line": 2, "column": 32 } },
      "2": { "start": { "line": 3, "column": 0 }, "end": { "line": 3, "column": 42 } },
      "3": { "start": { "line": 4, "column": 0 }, "end": { "line": 4, "column": 0 } },
      "4": { "start": { "line": 5, "column": 0 }, "end": { "line": 5, "column": 52 } },
      "5": { "start": { "line": 6, "column": 0 }, "end": { "line": 6, "column": 29 } },
      "6": { "start": { "line": 7, "column": 0 }, "end": { "line": 7, "column": 22 } },
      "7": { "start": { "line": 8, "column": 0 }, "end": { "line": 8, "column": 26 } },
      "8": { "start": { "line": 9, "column": 0 }, "end": { "line": 9, "column": 24 } },
      "9": { "start": { "line": 10, "column": 0 }, "end": { "line": 10, "column": 19 } },
      "10": { "start": { "line": 11, "column": 0 }, "end": { "line": 11, "column": 5 } },
      "11": { "start": { "line": 12, "column": 0 }, "end": { "line": 12, "column": 39 } },
      "12": { "start": { "line": 13, "column": 0 }, "end": { "line": 13, "column": 5 } },
      "13": { "start": { "line": 14, "column": 0 }, "end": { "line": 14, "column": 20 } },
      "14": { "start": { "line": 15, "column": 0 }, "end": { "line": 15, "column": 34 } },
      "15": { "start": { "line": 16, "column": 0 }, "end": { "line": 16, "column": 25 } },
      "16": { "start": { "line": 17, "column": 0 }, "end": { "line": 17, "column": 5 } },
      "17": { "start": { "line": 18, "column": 0 }, "end": { "line": 18, "column": 32 } },
      "18": { "start": { "line": 19, "column": 0 }, "end": { "line": 19, "column": 5 } },
      "19": { "start": { "line": 20, "column": 0 }, "end": { "line": 20, "column": 75 } },
      "20": { "start": { "line": 21, "column": 0 }, "end": { "line": 21, "column": 16 } },
      "21": { "start": { "line": 22, "column": 0 }, "end": { "line": 22, "column": 5 } },
      "22": { "start": { "line": 23, "column": 0 }, "end": { "line": 23, "column": 79 } },
      "23": { "start": { "line": 24, "column": 0 }, "end": { "line": 24, "column": 51 } },
      "24": { "start": { "line": 25, "column": 0 }, "end": { "line": 25, "column": 5 } },
      "25": { "start": { "line": 26, "column": 0 }, "end": { "line": 26, "column": 19 } },
      "26": { "start": { "line": 27, "column": 0 }, "end": { "line": 27, "column": 13 } },
      "27": { "start": { "line": 28, "column": 0 }, "end": { "line": 28, "column": 13 } },
      "28": { "start": { "line": 29, "column": 0 }, "end": { "line": 29, "column": 2 } },
      "29": { "start": { "line": 30, "column": 0 }, "end": { "line": 30, "column": 0 } },
      "30": { "start": { "line": 31, "column": 0 }, "end": { "line": 31, "column": 24 } },
      "31": { "start": { "line": 32, "column": 0 }, "end": { "line": 32, "column": 18 } },
      "32": { "start": { "line": 33, "column": 0 }, "end": { "line": 33, "column": 0 } },
      "33": { "start": { "line": 34, "column": 0 }, "end": { "line": 34, "column": 20 } },
      "34": { "start": { "line": 35, "column": 0 }, "end": { "line": 35, "column": 9 } },
      "35": { "start": { "line": 36, "column": 0 }, "end": { "line": 36, "column": 12 } },
      "36": { "start": { "line": 37, "column": 0 }, "end": { "line": 37, "column": 12 } },
      "37": { "start": { "line": 38, "column": 0 }, "end": { "line": 38, "column": 15 } },
      "38": { "start": { "line": 39, "column": 0 }, "end": { "line": 39, "column": 7 } },
      "39": { "start": { "line": 40, "column": 0 }, "end": { "line": 40, "column": 10 } },
      "40": { "start": { "line": 41, "column": 0 }, "end": { "line": 41, "column": 16 } },
      "41": { "start": { "line": 42, "column": 0 }, "end": { "line": 42, "column": 19 } },
      "42": { "start": { "line": 43, "column": 0 }, "end": { "line": 43, "column": 18 } },
      "43": { "start": { "line": 44, "column": 0 }, "end": { "line": 44, "column": 17 } },
      "44": { "start": { "line": 45, "column": 0 }, "end": { "line": 45, "column": 12 } },
      "45": { "start": { "line": 46, "column": 0 }, "end": { "line": 46, "column": 6 } },
      "46": { "start": { "line": 47, "column": 0 }, "end": { "line": 47, "column": 11 } },
      "47": { "start": { "line": 48, "column": 0 }, "end": { "line": 48, "column": 37 } },
      "48": { "start": { "line": 49, "column": 0 }, "end": { "line": 49, "column": 39 } },
      "49": { "start": { "line": 50, "column": 0 }, "end": { "line": 50, "column": 0 } },
      "50": { "start": { "line": 51, "column": 0 }, "end": { "line": 51, "column": 41 } },
      "51": { "start": { "line": 52, "column": 0 }, "end": { "line": 52, "column": 45 } },
      "52": { "start": { "line": 53, "column": 0 }, "end": { "line": 53, "column": 0 } },
      "53": { "start": { "line": 54, "column": 0 }, "end": { "line": 54, "column": 44 } },
      "54": { "start": { "line": 55, "column": 0 }, "end": { "line": 55, "column": 70 } },
      "55": { "start": { "line": 56, "column": 0 }, "end": { "line": 56, "column": 36 } },
      "56": { "start": { "line": 57, "column": 0 }, "end": { "line": 57, "column": 0 } },
      "57": { "start": { "line": 58, "column": 0 }, "end": { "line": 58, "column": 51 } },
      "58": { "start": { "line": 59, "column": 0 }, "end": { "line": 59, "column": 74 } },
      "59": { "start": { "line": 60, "column": 0 }, "end": { "line": 60, "column": 65 } },
      "60": { "start": { "line": 61, "column": 0 }, "end": { "line": 61, "column": 104 } },
      "61": { "start": { "line": 62, "column": 0 }, "end": { "line": 62, "column": 113 } },
      "62": { "start": { "line": 63, "column": 0 }, "end": { "line": 63, "column": 35 } },
      "63": { "start": { "line": 64, "column": 0 }, "end": { "line": 64, "column": 55 } },
      "64": { "start": { "line": 65, "column": 0 }, "end": { "line": 65, "column": 0 } },
      "65": { "start": { "line": 66, "column": 0 }, "end": { "line": 66, "column": 39 } },
      "66": { "start": { "line": 67, "column": 0 }, "end": { "line": 67, "column": 77 } },
      "67": { "start": { "line": 68, "column": 0 }, "end": { "line": 68, "column": 0 } },
      "68": { "start": { "line": 69, "column": 0 }, "end": { "line": 69, "column": 14 } },
      "69": { "start": { "line": 70, "column": 0 }, "end": { "line": 70, "column": 15 } },
      "70": { "start": { "line": 71, "column": 0 }, "end": { "line": 71, "column": 32 } },
      "71": { "start": { "line": 72, "column": 0 }, "end": { "line": 72, "column": 38 } },
      "72": { "start": { "line": 73, "column": 0 }, "end": { "line": 73, "column": 20 } },
      "73": { "start": { "line": 74, "column": 0 }, "end": { "line": 74, "column": 17 } },
      "74": { "start": { "line": 75, "column": 0 }, "end": { "line": 75, "column": 17 } },
      "75": { "start": { "line": 76, "column": 0 }, "end": { "line": 76, "column": 55 } },
      "76": { "start": { "line": 77, "column": 0 }, "end": { "line": 77, "column": 44 } },
      "77": { "start": { "line": 78, "column": 0 }, "end": { "line": 78, "column": 57 } },
      "78": { "start": { "line": 79, "column": 0 }, "end": { "line": 79, "column": 18 } },
      "79": { "start": { "line": 80, "column": 0 }, "end": { "line": 80, "column": 25 } },
      "80": { "start": { "line": 81, "column": 0 }, "end": { "line": 81, "column": 34 } },
      "81": { "start": { "line": 82, "column": 0 }, "end": { "line": 82, "column": 65 } },
      "82": { "start": { "line": 83, "column": 0 }, "end": { "line": 83, "column": 46 } },
      "83": { "start": { "line": 84, "column": 0 }, "end": { "line": 84, "column": 39 } },
      "84": { "start": { "line": 85, "column": 0 }, "end": { "line": 85, "column": 39 } },
      "85": { "start": { "line": 86, "column": 0 }, "end": { "line": 86, "column": 12 } },
      "86": { "start": { "line": 87, "column": 0 }, "end": { "line": 87, "column": 11 } },
      "87": { "start": { "line": 88, "column": 0 }, "end": { "line": 88, "column": 15 } },
      "88": { "start": { "line": 89, "column": 0 }, "end": { "line": 89, "column": 33 } },
      "89": { "start": { "line": 90, "column": 0 }, "end": { "line": 90, "column": 43 } },
      "90": { "start": { "line": 91, "column": 0 }, "end": { "line": 91, "column": 41 } },
      "91": { "start": { "line": 92, "column": 0 }, "end": { "line": 92, "column": 20 } },
      "92": { "start": { "line": 93, "column": 0 }, "end": { "line": 93, "column": 17 } },
      "93": { "start": { "line": 94, "column": 0 }, "end": { "line": 94, "column": 17 } },
      "94": { "start": { "line": 95, "column": 0 }, "end": { "line": 95, "column": 55 } },
      "95": { "start": { "line": 96, "column": 0 }, "end": { "line": 96, "column": 44 } },
      "96": { "start": { "line": 97, "column": 0 }, "end": { "line": 97, "column": 54 } },
      "97": { "start": { "line": 98, "column": 0 }, "end": { "line": 98, "column": 18 } },
      "98": { "start": { "line": 99, "column": 0 }, "end": { "line": 99, "column": 25 } },
      "99": { "start": { "line": 100, "column": 0 }, "end": { "line": 100, "column": 34 } },
      "100": { "start": { "line": 101, "column": 0 }, "end": { "line": 101, "column": 65 } },
      "101": { "start": { "line": 102, "column": 0 }, "end": { "line": 102, "column": 46 } },
      "102": { "start": { "line": 103, "column": 0 }, "end": { "line": 103, "column": 39 } },
      "103": { "start": { "line": 104, "column": 0 }, "end": { "line": 104, "column": 64 } },
      "104": { "start": { "line": 105, "column": 0 }, "end": { "line": 105, "column": 12 } },
      "105": { "start": { "line": 106, "column": 0 }, "end": { "line": 106, "column": 11 } },
      "106": { "start": { "line": 107, "column": 0 }, "end": { "line": 107, "column": 8 } },
      "107": { "start": { "line": 108, "column": 0 }, "end": { "line": 108, "column": 7 } },
      "108": { "start": { "line": 109, "column": 0 }, "end": { "line": 109, "column": 6 } },
      "109": { "start": { "line": 110, "column": 0 }, "end": { "line": 110, "column": 21 } },
      "110": { "start": { "line": 111, "column": 0 }, "end": { "line": 111, "column": 13 } },
      "111": { "start": { "line": 112, "column": 0 }, "end": { "line": 112, "column": 18 } },
      "112": { "start": { "line": 113, "column": 0 }, "end": { "line": 113, "column": 14 } },
      "113": { "start": { "line": 114, "column": 0 }, "end": { "line": 114, "column": 19 } },
      "114": { "start": { "line": 115, "column": 0 }, "end": { "line": 115, "column": 14 } },
      "115": { "start": { "line": 116, "column": 0 }, "end": { "line": 116, "column": 20 } },
      "116": { "start": { "line": 117, "column": 0 }, "end": { "line": 117, "column": 11 } },
      "117": { "start": { "line": 118, "column": 0 }, "end": { "line": 118, "column": 18 } },
      "118": { "start": { "line": 119, "column": 0 }, "end": { "line": 119, "column": 11 } },
      "119": { "start": { "line": 120, "column": 0 }, "end": { "line": 120, "column": 5 } },
      "120": { "start": { "line": 121, "column": 0 }, "end": { "line": 121, "column": 0 } },
      "121": { "start": { "line": 122, "column": 0 }, "end": { "line": 122, "column": 10 } },
      "122": { "start": { "line": 123, "column": 0 }, "end": { "line": 123, "column": 109 } },
      "123": { "start": { "line": 124, "column": 0 }, "end": { "line": 124, "column": 13 } },
      "124": { "start": { "line": 125, "column": 0 }, "end": { "line": 125, "column": 20 } },
      "125": { "start": { "line": 126, "column": 0 }, "end": { "line": 126, "column": 34 } },
      "126": { "start": { "line": 127, "column": 0 }, "end": { "line": 127, "column": 33 } },
      "127": { "start": { "line": 128, "column": 0 }, "end": { "line": 128, "column": 31 } },
      "128": { "start": { "line": 129, "column": 0 }, "end": { "line": 129, "column": 31 } },
      "129": { "start": { "line": 130, "column": 0 }, "end": { "line": 130, "column": 7 } },
      "130": { "start": { "line": 131, "column": 0 }, "end": { "line": 131, "column": 31 } },
      "131": { "start": { "line": 132, "column": 0 }, "end": { "line": 132, "column": 14 } },
      "132": { "start": { "line": 133, "column": 0 }, "end": { "line": 133, "column": 34 } },
      "133": { "start": { "line": 134, "column": 0 }, "end": { "line": 134, "column": 98 } },
      "134": { "start": { "line": 135, "column": 0 }, "end": { "line": 135, "column": 22 } },
      "135": { "start": { "line": 136, "column": 0 }, "end": { "line": 136, "column": 14 } },
      "136": { "start": { "line": 137, "column": 0 }, "end": { "line": 137, "column": 11 } },
      "137": { "start": { "line": 138, "column": 0 }, "end": { "line": 138, "column": 18 } },
      "138": { "start": { "line": 139, "column": 0 }, "end": { "line": 139, "column": 16 } },
      "139": { "start": { "line": 140, "column": 0 }, "end": { "line": 140, "column": 17 } },
      "140": { "start": { "line": 141, "column": 0 }, "end": { "line": 141, "column": 22 } },
      "141": { "start": { "line": 142, "column": 0 }, "end": { "line": 142, "column": 10 } },
      "142": { "start": { "line": 143, "column": 0 }, "end": { "line": 143, "column": 4 } },
      "143": { "start": { "line": 144, "column": 0 }, "end": { "line": 144, "column": 1 } },
      "144": { "start": { "line": 145, "column": 0 }, "end": { "line": 145, "column": 0 } },
      "145": { "start": { "line": 146, "column": 0 }, "end": { "line": 146, "column": 25 } }
    },
    "s": {
      "0": 1,
      "1": 1,
      "2": 1,
      "3": 1,
      "4": 1,
      "5": 1,
      "6": 1,
      "7": 1,
      "8": 1,
      "9": 1,
      "10": 1,
      "11": 1,
      "12": 1,
      "13": 1,
      "14": 1,
      "15": 1,
      "16": 1,
      "17": 1,
      "18": 1,
      "19": 1,
      "20": 1,
      "21": 1,
      "22": 1,
      "23": 1,
      "24": 1,
      "25": 1,
      "26": 1,
      "27": 1,
      "28": 1,
      "29": 1,
      "30": 1,
      "31": 1,
      "32": 1,
      "33": 0,
      "34": 0,
      "35": 0,
      "36": 0,
      "37": 0,
      "38": 0,
      "39": 0,
      "40": 0,
      "41": 0,
      "42": 0,
      "43": 0,
      "44": 0,
      "45": 0,
      "46": 0,
      "47": 0,
      "48": 0,
      "49": 0,
      "50": 0,
      "51": 0,
      "52": 0,
      "53": 0,
      "54": 0,
      "55": 0,
      "56": 0,
      "57": 0,
      "58": 0,
      "59": 0,
      "60": 0,
      "61": 0,
      "62": 0,
      "63": 0,
      "64": 0,
      "65": 0,
      "66": 0,
      "67": 0,
      "68": 0,
      "69": 0,
      "70": 0,
      "71": 0,
      "72": 0,
      "73": 0,
      "74": 0,
      "75": 0,
      "76": 0,
      "77": 0,
      "78": 0,
      "79": 0,
      "80": 0,
      "81": 0,
      "82": 0,
      "83": 0,
      "84": 0,
      "85": 0,
      "86": 0,
      "87": 0,
      "88": 0,
      "89": 0,
      "90": 0,
      "91": 0,
      "92": 0,
      "93": 0,
      "94": 0,
      "95": 0,
      "96": 0,
      "97": 0,
      "98": 0,
      "99": 0,
      "100": 0,
      "101": 0,
      "102": 0,
      "103": 0,
      "104": 0,
      "105": 0,
      "106": 0,
      "107": 0,
      "108": 0,
      "109": 0,
      "110": 0,
      "111": 0,
      "112": 0,
      "113": 0,
      "114": 0,
      "115": 0,
      "116": 0,
      "117": 0,
      "118": 0,
      "119": 0,
      "120": 0,
      "121": 0,
      "122": 0,
      "123": 0,
      "124": 0,
      "125": 0,
      "126": 0,
      "127": 0,
      "128": 0,
      "129": 0,
      "130": 0,
      "131": 0,
      "132": 0,
      "133": 0,
      "134": 0,
      "135": 0,
      "136": 0,
      "137": 0,
      "138": 0,
      "139": 0,
      "140": 0,
      "141": 0,
      "142": 0,
      "143": 0,
      "144": 1,
      "145": 1
    },
    "branchMap": {},
    "b": {},
    "fnMap": {
      "0": {
        "name": "RingChart",
        "decl": { "start": { "line": 34, "column": 0 }, "end": { "line": 144, "column": 1 } },
        "loc": { "start": { "line": 34, "column": 0 }, "end": { "line": 144, "column": 1 } },
        "line": 34
      }
    },
    "f": { "0": 0 }
  },
  "/home/newuser/Documents/spotlight/packages/overlay/src/components/SidePanel.tsx": {
    "path": "/home/newuser/Documents/spotlight/packages/overlay/src/components/SidePanel.tsx",
    "all": false,
    "statementMap": {
      "0": { "start": { "line": 1, "column": 0 }, "end": { "line": 1, "column": 39 } },
      "1": { "start": { "line": 2, "column": 0 }, "end": { "line": 2, "column": 53 } },
      "2": { "start": { "line": 3, "column": 0 }, "end": { "line": 3, "column": 41 } },
      "3": { "start": { "line": 4, "column": 0 }, "end": { "line": 4, "column": 0 } },
      "4": { "start": { "line": 5, "column": 0 }, "end": { "line": 5, "column": 33 } },
      "5": { "start": { "line": 6, "column": 0 }, "end": { "line": 6, "column": 8 } },
      "6": { "start": { "line": 7, "column": 0 }, "end": { "line": 7, "column": 11 } },
      "7": { "start": { "line": 8, "column": 0 }, "end": { "line": 8, "column": 9 } },
      "8": { "start": { "line": 9, "column": 0 }, "end": { "line": 9, "column": 4 } },
      "9": { "start": { "line": 10, "column": 0 }, "end": { "line": 10, "column": 19 } },
      "10": { "start": { "line": 11, "column": 0 }, "end": { "line": 11, "column": 23 } },
      "11": { "start": { "line": 12, "column": 0 }, "end": { "line": 12, "column": 17 } },
      "12": { "start": { "line": 13, "column": 0 }, "end": { "line": 13, "column": 4 } },
      "13": { "start": { "line": 14, "column": 0 }, "end": { "line": 14, "column": 10 } },
      "14": { "start": { "line": 15, "column": 0 }, "end": { "line": 15, "column": 66 } },
      "15": { "start": { "line": 16, "column": 0 }, "end": { "line": 16, "column": 30 } },
      "16": { "start": { "line": 17, "column": 0 }, "end": { "line": 17, "column": 61 } },
      "17": { "start": { "line": 18, "column": 0 }, "end": { "line": 18, "column": 63 } },
      "18": { "start": { "line": 19, "column": 0 }, "end": { "line": 19, "column": 12 } },
      "19": { "start": { "line": 20, "column": 0 }, "end": { "line": 20, "column": 11 } },
      "20": { "start": { "line": 21, "column": 0 }, "end": { "line": 21, "column": 131 } },
      "21": { "start": { "line": 22, "column": 0 }, "end": { "line": 22, "column": 19 } },
      "22": { "start": { "line": 23, "column": 0 }, "end": { "line": 23, "column": 7 } },
      "23": { "start": { "line": 24, "column": 0 }, "end": { "line": 24, "column": 13 } },
      "24": { "start": { "line": 25, "column": 0 }, "end": { "line": 25, "column": 13 } },
      "25": { "start": { "line": 26, "column": 0 }, "end": { "line": 26, "column": 10 } },
      "26": { "start": { "line": 27, "column": 0 }, "end": { "line": 27, "column": 4 } },
      "27": { "start": { "line": 28, "column": 0 }, "end": { "line": 28, "column": 1 } },
      "28": { "start": { "line": 29, "column": 0 }, "end": { "line": 29, "column": 0 } },
      "29": { "start": { "line": 30, "column": 0 }, "end": { "line": 30, "column": 58 } },
      "30": { "start": { "line": 31, "column": 0 }, "end": { "line": 31, "column": 35 } },
      "31": { "start": { "line": 32, "column": 0 }, "end": { "line": 32, "column": 10 } },
      "32": { "start": { "line": 33, "column": 0 }, "end": { "line": 33, "column": 8 } },
      "33": { "start": { "line": 34, "column": 0 }, "end": { "line": 34, "column": 82 } },
      "34": { "start": { "line": 35, "column": 0 }, "end": { "line": 35, "column": 46 } },
      "35": { "start": { "line": 36, "column": 0 }, "end": { "line": 36, "column": 5 } },
      "36": { "start": { "line": 37, "column": 0 }, "end": { "line": 37, "column": 10 } },
      "37": { "start": { "line": 38, "column": 0 }, "end": { "line": 38, "column": 42 } },
      "38": { "start": { "line": 39, "column": 0 }, "end": { "line": 39, "column": 200 } },
      "39": { "start": { "line": 40, "column": 0 }, "end": { "line": 40, "column": 18 } },
      "40": { "start": { "line": 41, "column": 0 }, "end": { "line": 41, "column": 8 } },
      "41": { "start": { "line": 42, "column": 0 }, "end": { "line": 42, "column": 10 } },
      "42": { "start": { "line": 43, "column": 0 }, "end": { "line": 43, "column": 4 } },
      "43": { "start": { "line": 44, "column": 0 }, "end": { "line": 44, "column": 1 } }
    },
    "s": {
      "0": 1,
      "1": 1,
      "2": 1,
      "3": 1,
      "4": 1,
      "5": 0,
      "6": 0,
      "7": 0,
      "8": 0,
      "9": 0,
      "10": 0,
      "11": 0,
      "12": 0,
      "13": 0,
      "14": 0,
      "15": 0,
      "16": 0,
      "17": 0,
      "18": 0,
      "19": 0,
      "20": 0,
      "21": 0,
      "22": 0,
      "23": 0,
      "24": 0,
      "25": 0,
      "26": 0,
      "27": 0,
      "28": 1,
      "29": 0,
      "30": 0,
      "31": 0,
      "32": 0,
      "33": 0,
      "34": 0,
      "35": 0,
      "36": 0,
      "37": 0,
      "38": 0,
      "39": 0,
      "40": 0,
      "41": 0,
      "42": 0,
      "43": 0
    },
    "branchMap": {},
    "b": {},
    "fnMap": {
      "0": {
        "name": "SidePanelHeader",
        "decl": { "start": { "line": 5, "column": 7 }, "end": { "line": 28, "column": 1 } },
        "loc": { "start": { "line": 5, "column": 7 }, "end": { "line": 28, "column": 1 } },
        "line": 5
      },
      "1": {
        "name": "SidePanel",
        "decl": { "start": { "line": 30, "column": 0 }, "end": { "line": 44, "column": 1 } },
        "loc": { "start": { "line": 30, "column": 0 }, "end": { "line": 44, "column": 1 } },
        "line": 30
      }
    },
    "f": { "0": 0, "1": 0 }
  },
  "/home/newuser/Documents/spotlight/packages/overlay/src/components/Tabs.tsx": {
    "path": "/home/newuser/Documents/spotlight/packages/overlay/src/components/Tabs.tsx",
    "all": false,
    "statementMap": {
      "0": { "start": { "line": 1, "column": 0 }, "end": { "line": 1, "column": 69 } },
      "1": { "start": { "line": 2, "column": 0 }, "end": { "line": 2, "column": 65 } },
      "2": { "start": { "line": 3, "column": 0 }, "end": { "line": 3, "column": 43 } },
      "3": { "start": { "line": 4, "column": 0 }, "end": { "line": 4, "column": 45 } },
      "4": { "start": { "line": 5, "column": 0 }, "end": { "line": 5, "column": 0 } },
      "5": { "start": { "line": 6, "column": 0 }, "end": { "line": 6, "column": 21 } },
      "6": { "start": { "line": 7, "column": 0 }, "end": { "line": 7, "column": 5 } },
      "7": { "start": { "line": 8, "column": 0 }, "end": { "line": 8, "column": 30 } },
      "8": { "start": { "line": 9, "column": 0 }, "end": { "line": 9, "column": 5 } },
      "9": { "start": { "line": 10, "column": 0 }, "end": { "line": 10, "column": 34 } },
      "10": { "start": { "line": 11, "column": 0 }, "end": { "line": 11, "column": 42 } },
      "11": { "start": { "line": 12, "column": 0 }, "end": { "line": 12, "column": 0 } },
      "12": { "start": { "line": 13, "column": 0 }, "end": { "line": 13, "column": 24 } },
      "13": { "start": { "line": 14, "column": 0 }, "end": { "line": 14, "column": 5 } },
      "14": { "start": { "line": 15, "column": 0 }, "end": { "line": 15, "column": 52 } },
      "15": { "start": { "line": 16, "column": 0 }, "end": { "line": 16, "column": 68 } },
      "16": { "start": { "line": 17, "column": 0 }, "end": { "line": 17, "column": 47 } },
      "17": { "start": { "line": 18, "column": 0 }, "end": { "line": 18, "column": 5 } },
      "18": { "start": { "line": 19, "column": 0 }, "end": { "line": 19, "column": 15 } },
      "19": { "start": { "line": 20, "column": 0 }, "end": { "line": 20, "column": 0 } },
      "20": { "start": { "line": 21, "column": 0 }, "end": { "line": 21, "column": 22 } },
      "21": { "start": { "line": 22, "column": 0 }, "end": { "line": 22, "column": 2 } },
      "22": { "start": { "line": 23, "column": 0 }, "end": { "line": 23, "column": 0 } },
      "23": { "start": { "line": 24, "column": 0 }, "end": { "line": 24, "column": 26 } },
      "24": { "start": { "line": 25, "column": 0 }, "end": { "line": 25, "column": 17 } },
      "25": { "start": { "line": 26, "column": 0 }, "end": { "line": 26, "column": 0 } },
      "26": { "start": { "line": 27, "column": 0 }, "end": { "line": 27, "column": 5 } },
      "27": { "start": { "line": 28, "column": 0 }, "end": { "line": 28, "column": 52 } },
      "28": { "start": { "line": 29, "column": 0 }, "end": { "line": 29, "column": 5 } },
      "29": { "start": { "line": 30, "column": 0 }, "end": { "line": 30, "column": 36 } },
      "30": { "start": { "line": 31, "column": 0 }, "end": { "line": 31, "column": 2 } },
      "31": { "start": { "line": 32, "column": 0 }, "end": { "line": 32, "column": 0 } },
      "32": { "start": { "line": 33, "column": 0 }, "end": { "line": 33, "column": 64 } },
      "33": { "start": { "line": 34, "column": 0 }, "end": { "line": 34, "column": 33 } },
      "34": { "start": { "line": 35, "column": 0 }, "end": { "line": 35, "column": 33 } },
      "35": { "start": { "line": 36, "column": 0 }, "end": { "line": 36, "column": 0 } },
      "36": { "start": { "line": 37, "column": 0 }, "end": { "line": 37, "column": 33 } },
      "37": { "start": { "line": 38, "column": 0 }, "end": { "line": 38, "column": 63 } },
      "38": { "start": { "line": 39, "column": 0 }, "end": { "line": 39, "column": 21 } },
      "39": { "start": { "line": 40, "column": 0 }, "end": { "line": 40, "column": 12 } },
      "40": { "start": { "line": 41, "column": 0 }, "end": { "line": 41, "column": 19 } },
      "41": { "start": { "line": 42, "column": 0 }, "end": { "line": 42, "column": 5 } },
      "42": { "start": { "line": 43, "column": 0 }, "end": { "line": 43, "column": 5 } },
      "43": { "start": { "line": 44, "column": 0 }, "end": { "line": 44, "column": 0 } },
      "44": { "start": { "line": 45, "column": 0 }, "end": { "line": 45, "column": 10 } },
      "45": { "start": { "line": 46, "column": 0 }, "end": { "line": 46, "column": 9 } },
      "46": { "start": { "line": 47, "column": 0 }, "end": { "line": 47, "column": 33 } },
      "47": { "start": { "line": 48, "column": 0 }, "end": { "line": 48, "column": 50 } },
      "48": { "start": { "line": 49, "column": 0 }, "end": { "line": 49, "column": 22 } },
      "49": { "start": { "line": 50, "column": 0 }, "end": { "line": 50, "column": 16 } },
      "50": { "start": { "line": 51, "column": 0 }, "end": { "line": 51, "column": 88 } },
      "51": { "start": { "line": 52, "column": 0 }, "end": { "line": 52, "column": 15 } },
      "52": { "start": { "line": 53, "column": 0 }, "end": { "line": 53, "column": 19 } },
      "53": { "start": { "line": 54, "column": 0 }, "end": { "line": 54, "column": 21 } },
      "54": { "start": { "line": 55, "column": 0 }, "end": { "line": 55, "column": 209 } },
      "55": { "start": { "line": 56, "column": 0 }, "end": { "line": 56, "column": 26 } },
      "56": { "start": { "line": 57, "column": 0 }, "end": { "line": 57, "column": 74 } },
      "57": { "start": { "line": 58, "column": 0 }, "end": { "line": 58, "column": 50 } },
      "58": { "start": { "line": 59, "column": 0 }, "end": { "line": 59, "column": 35 } },
      "59": { "start": { "line": 60, "column": 0 }, "end": { "line": 60, "column": 13 } },
      "60": { "start": { "line": 61, "column": 0 }, "end": { "line": 61, "column": 76 } },
      "61": { "start": { "line": 62, "column": 0 }, "end": { "line": 62, "column": 12 } },
      "62": { "start": { "line": 63, "column": 0 }, "end": { "line": 63, "column": 9 } },
      "63": { "start": { "line": 64, "column": 0 }, "end": { "line": 64, "column": 38 } },
      "64": { "start": { "line": 65, "column": 0 }, "end": { "line": 65, "column": 48 } },
      "65": { "start": { "line": 66, "column": 0 }, "end": { "line": 66, "column": 56 } },
      "66": { "start": { "line": 67, "column": 0 }, "end": { "line": 67, "column": 21 } },
      "67": { "start": { "line": 68, "column": 0 }, "end": { "line": 68, "column": 13 } },
      "68": { "start": { "line": 69, "column": 0 }, "end": { "line": 69, "column": 17 } },
      "69": { "start": { "line": 70, "column": 0 }, "end": { "line": 70, "column": 12 } },
      "70": { "start": { "line": 71, "column": 0 }, "end": { "line": 71, "column": 39 } },
      "71": { "start": { "line": 72, "column": 0 }, "end": { "line": 72, "column": 93 } },
      "72": { "start": { "line": 73, "column": 0 }, "end": { "line": 73, "column": 28 } },
      "73": { "start": { "line": 74, "column": 0 }, "end": { "line": 74, "column": 20 } },
      "74": { "start": { "line": 75, "column": 0 }, "end": { "line": 75, "column": 50 } },
      "75": { "start": { "line": 76, "column": 0 }, "end": { "line": 76, "column": 26 } },
      "76": { "start": { "line": 77, "column": 0 }, "end": { "line": 77, "column": 28 } },
      "77": { "start": { "line": 78, "column": 0 }, "end": { "line": 78, "column": 42 } },
      "78": { "start": { "line": 79, "column": 0 }, "end": { "line": 79, "column": 27 } },
      "79": { "start": { "line": 80, "column": 0 }, "end": { "line": 80, "column": 26 } },
      "80": { "start": { "line": 81, "column": 0 }, "end": { "line": 81, "column": 113 } },
      "81": { "start": { "line": 82, "column": 0 }, "end": { "line": 82, "column": 162 } },
      "82": { "start": { "line": 83, "column": 0 }, "end": { "line": 83, "column": 107 } },
      "83": { "start": { "line": 84, "column": 0 }, "end": { "line": 84, "column": 17 } },
      "84": { "start": { "line": 85, "column": 0 }, "end": { "line": 85, "column": 15 } },
      "85": { "start": { "line": 86, "column": 0 }, "end": { "line": 86, "column": 60 } },
      "86": { "start": { "line": 87, "column": 0 }, "end": { "line": 87, "column": 13 } },
      "87": { "start": { "line": 88, "column": 0 }, "end": { "line": 88, "column": 25 } },
      "88": { "start": { "line": 89, "column": 0 }, "end": { "line": 89, "column": 54 } },
      "89": { "start": { "line": 90, "column": 0 }, "end": { "line": 90, "column": 110 } },
      "90": { "start": { "line": 91, "column": 0 }, "end": { "line": 91, "column": 48 } },
      "91": { "start": { "line": 92, "column": 0 }, "end": { "line": 92, "column": 23 } },
      "92": { "start": { "line": 93, "column": 0 }, "end": { "line": 93, "column": 23 } },
      "93": { "start": { "line": 94, "column": 0 }, "end": { "line": 94, "column": 22 } },
      "94": { "start": { "line": 95, "column": 0 }, "end": { "line": 95, "column": 13 } },
      "95": { "start": { "line": 96, "column": 0 }, "end": { "line": 96, "column": 14 } },
      "96": { "start": { "line": 97, "column": 0 }, "end": { "line": 97, "column": 12 } },
      "97": { "start": { "line": 98, "column": 0 }, "end": { "line": 98, "column": 10 } },
      "98": { "start": { "line": 99, "column": 0 }, "end": { "line": 99, "column": 4 } },
      "99": { "start": { "line": 100, "column": 0 }, "end": { "line": 100, "column": 1 } }
    },
    "s": {
      "0": 1,
      "1": 1,
      "2": 1,
      "3": 1,
      "4": 1,
      "5": 1,
      "6": 1,
      "7": 1,
      "8": 1,
      "9": 1,
      "10": 1,
      "11": 1,
      "12": 1,
      "13": 1,
      "14": 1,
      "15": 1,
      "16": 1,
      "17": 1,
      "18": 1,
      "19": 1,
      "20": 1,
      "21": 1,
      "22": 1,
      "23": 1,
      "24": 1,
      "25": 1,
      "26": 1,
      "27": 1,
      "28": 1,
      "29": 1,
      "30": 1,
      "31": 1,
      "32": 0,
      "33": 0,
      "34": 0,
      "35": 0,
      "36": 0,
      "37": 0,
      "38": 0,
      "39": 0,
      "40": 0,
      "41": 0,
      "42": 0,
      "43": 0,
      "44": 0,
      "45": 0,
      "46": 0,
      "47": 0,
      "48": 0,
      "49": 0,
      "50": 0,
      "51": 0,
      "52": 0,
      "53": 0,
      "54": 0,
      "55": 0,
      "56": 0,
      "57": 0,
      "58": 0,
      "59": 0,
      "60": 0,
      "61": 0,
      "62": 0,
      "63": 0,
      "64": 0,
      "65": 0,
      "66": 0,
      "67": 0,
      "68": 0,
      "69": 0,
      "70": 0,
      "71": 0,
      "72": 0,
      "73": 0,
      "74": 0,
      "75": 0,
      "76": 0,
      "77": 0,
      "78": 0,
      "79": 0,
      "80": 0,
      "81": 0,
      "82": 0,
      "83": 0,
      "84": 0,
      "85": 0,
      "86": 0,
      "87": 0,
      "88": 0,
      "89": 0,
      "90": 0,
      "91": 0,
      "92": 0,
      "93": 0,
      "94": 0,
      "95": 0,
      "96": 0,
      "97": 0,
      "98": 0,
      "99": 0
    },
    "branchMap": {},
    "b": {},
    "fnMap": {
      "0": {
        "name": "Tabs",
        "decl": { "start": { "line": 33, "column": 0 }, "end": { "line": 100, "column": 1 } },
        "loc": { "start": { "line": 33, "column": 0 }, "end": { "line": 100, "column": 1 } },
        "line": 33
      }
    },
    "f": { "0": 0 }
  },
  "/home/newuser/Documents/spotlight/packages/overlay/src/components/Time.tsx": {
    "path": "/home/newuser/Documents/spotlight/packages/overlay/src/components/Time.tsx",
    "all": false,
    "statementMap": {
      "0": { "start": { "line": 1, "column": 0 }, "end": { "line": 1, "column": 26 } },
      "1": { "start": { "line": 2, "column": 0 }, "end": { "line": 2, "column": 64 } },
      "2": { "start": { "line": 3, "column": 0 }, "end": { "line": 3, "column": 0 } },
      "3": { "start": { "line": 4, "column": 0 }, "end": { "line": 4, "column": 35 } },
      "4": { "start": { "line": 5, "column": 0 }, "end": { "line": 5, "column": 0 } },
      "5": { "start": { "line": 6, "column": 0 }, "end": { "line": 6, "column": 30 } },
      "6": { "start": { "line": 7, "column": 0 }, "end": { "line": 7, "column": 7 } },
      "7": { "start": { "line": 8, "column": 0 }, "end": { "line": 8, "column": 10 } },
      "8": { "start": { "line": 9, "column": 0 }, "end": { "line": 9, "column": 86 } },
      "9": { "start": { "line": 10, "column": 0 }, "end": { "line": 10, "column": 25 } },
      "10": { "start": { "line": 11, "column": 0 }, "end": { "line": 11, "column": 0 } },
      "11": { "start": { "line": 12, "column": 0 }, "end": { "line": 12, "column": 10 } },
      "12": { "start": { "line": 13, "column": 0 }, "end": { "line": 13, "column": 86 } },
      "13": { "start": { "line": 14, "column": 0 }, "end": { "line": 14, "column": 63 } },
      "14": { "start": { "line": 15, "column": 0 }, "end": { "line": 15, "column": 11 } },
      "15": { "start": { "line": 16, "column": 0 }, "end": { "line": 16, "column": 4 } },
      "16": { "start": { "line": 17, "column": 0 }, "end": { "line": 17, "column": 1 } }
    },
    "s": {
      "0": 1,
      "1": 1,
      "2": 1,
      "3": 1,
      "4": 1,
      "5": 0,
      "6": 0,
      "7": 0,
      "8": 0,
      "9": 0,
      "10": 0,
      "11": 0,
      "12": 0,
      "13": 0,
      "14": 0,
      "15": 0,
      "16": 0
    },
    "branchMap": {},
    "b": {},
    "fnMap": {
      "0": {
        "name": "Time",
        "decl": { "start": { "line": 6, "column": 0 }, "end": { "line": 17, "column": 1 } },
        "loc": { "start": { "line": 6, "column": 0 }, "end": { "line": 17, "column": 1 } },
        "line": 6
      }
    },
    "f": { "0": 0 }
  },
  "/home/newuser/Documents/spotlight/packages/overlay/src/components/TimeSince.tsx": {
    "path": "/home/newuser/Documents/spotlight/packages/overlay/src/components/TimeSince.tsx",
    "all": false,
    "statementMap": {
      "0": { "start": { "line": 1, "column": 0 }, "end": { "line": 1, "column": 26 } },
      "1": { "start": { "line": 2, "column": 0 }, "end": { "line": 2, "column": 58 } },
      "2": { "start": { "line": 3, "column": 0 }, "end": { "line": 3, "column": 33 } },
      "3": { "start": { "line": 4, "column": 0 }, "end": { "line": 4, "column": 41 } },
      "4": { "start": { "line": 5, "column": 0 }, "end": { "line": 5, "column": 0 } },
      "5": { "start": { "line": 6, "column": 0 }, "end": { "line": 6, "column": 32 } },
      "6": { "start": { "line": 7, "column": 0 }, "end": { "line": 7, "column": 0 } },
      "7": { "start": { "line": 8, "column": 0 }, "end": { "line": 8, "column": 120 } },
      "8": { "start": { "line": 9, "column": 0 }, "end": { "line": 9, "column": 74 } },
      "9": { "start": { "line": 10, "column": 0 }, "end": { "line": 10, "column": 0 } },
      "10": { "start": { "line": 11, "column": 0 }, "end": { "line": 11, "column": 20 } },
      "11": { "start": { "line": 12, "column": 0 }, "end": { "line": 12, "column": 30 } },
      "12": { "start": { "line": 13, "column": 0 }, "end": { "line": 13, "column": 36 } },
      "13": { "start": { "line": 14, "column": 0 }, "end": { "line": 14, "column": 11 } },
      "14": { "start": { "line": 15, "column": 0 }, "end": { "line": 15, "column": 0 } },
      "15": { "start": { "line": 16, "column": 0 }, "end": { "line": 16, "column": 25 } },
      "16": { "start": { "line": 17, "column": 0 }, "end": { "line": 17, "column": 0 } },
      "17": { "start": { "line": 18, "column": 0 }, "end": { "line": 18, "column": 10 } },
      "18": { "start": { "line": 19, "column": 0 }, "end": { "line": 19, "column": 86 } },
      "19": { "start": { "line": 20, "column": 0 }, "end": { "line": 20, "column": 13 } },
      "20": { "start": { "line": 21, "column": 0 }, "end": { "line": 21, "column": 11 } },
      "21": { "start": { "line": 22, "column": 0 }, "end": { "line": 22, "column": 4 } },
      "22": { "start": { "line": 23, "column": 0 }, "end": { "line": 23, "column": 1 } }
    },
    "s": {
      "0": 1,
      "1": 1,
      "2": 1,
      "3": 1,
      "4": 1,
      "5": 1,
      "6": 1,
      "7": 0,
      "8": 0,
      "9": 0,
      "10": 0,
      "11": 0,
      "12": 0,
      "13": 0,
      "14": 0,
      "15": 0,
      "16": 0,
      "17": 0,
      "18": 0,
      "19": 0,
      "20": 0,
      "21": 0,
      "22": 0
    },
    "branchMap": {},
    "b": {},
    "fnMap": {
      "0": {
        "name": "TimeSince",
        "decl": { "start": { "line": 8, "column": 0 }, "end": { "line": 23, "column": 1 } },
        "loc": { "start": { "line": 8, "column": 0 }, "end": { "line": 23, "column": 1 } },
        "line": 8
      }
    },
    "f": { "0": 0 }
  },
  "/home/newuser/Documents/spotlight/packages/overlay/src/components/Tooltip.tsx": {
    "path": "/home/newuser/Documents/spotlight/packages/overlay/src/components/Tooltip.tsx",
    "all": false,
    "statementMap": {
      "0": { "start": { "line": 1, "column": 0 }, "end": { "line": 1, "column": 44 } },
      "1": { "start": { "line": 2, "column": 0 }, "end": { "line": 2, "column": 42 } },
      "2": { "start": { "line": 3, "column": 0 }, "end": { "line": 3, "column": 0 } },
      "3": { "start": { "line": 4, "column": 0 }, "end": { "line": 4, "column": 48 } },
      "4": { "start": { "line": 5, "column": 0 }, "end": { "line": 5, "column": 21 } },
      "5": { "start": { "line": 6, "column": 0 }, "end": { "line": 6, "column": 15 } },
      "6": { "start": { "line": 7, "column": 0 }, "end": { "line": 7, "column": 68 } },
      "7": { "start": { "line": 8, "column": 0 }, "end": { "line": 8, "column": 18 } },
      "8": { "start": { "line": 9, "column": 0 }, "end": { "line": 9, "column": 65 } },
      "9": { "start": { "line": 10, "column": 0 }, "end": { "line": 10, "column": 16 } },
      "10": { "start": { "line": 11, "column": 0 }, "end": { "line": 11, "column": 66 } },
      "11": { "start": { "line": 12, "column": 0 }, "end": { "line": 12, "column": 12 } },
      "12": { "start": { "line": 13, "column": 0 }, "end": { "line": 13, "column": 65 } },
      "13": { "start": { "line": 14, "column": 0 }, "end": { "line": 14, "column": 3 } },
      "14": { "start": { "line": 15, "column": 0 }, "end": { "line": 15, "column": 2 } },
      "15": { "start": { "line": 16, "column": 0 }, "end": { "line": 16, "column": 0 } },
      "16": { "start": { "line": 17, "column": 0 }, "end": { "line": 17, "column": 18 } },
      "17": { "start": { "line": 18, "column": 0 }, "end": { "line": 18, "column": 10 } },
      "18": { "start": { "line": 19, "column": 0 }, "end": { "line": 19, "column": 21 } },
      "19": { "start": { "line": 20, "column": 0 }, "end": { "line": 20, "column": 11 } },
      "20": { "start": { "line": 21, "column": 0 }, "end": { "line": 21, "column": 4 } },
      "21": { "start": { "line": 22, "column": 0 }, "end": { "line": 22, "column": 30 } },
      "22": { "start": { "line": 23, "column": 0 }, "end": { "line": 23, "column": 49 } },
      "23": { "start": { "line": 24, "column": 0 }, "end": { "line": 24, "column": 22 } },
      "24": { "start": { "line": 25, "column": 0 }, "end": { "line": 25, "column": 7 } },
      "25": { "start": { "line": 26, "column": 0 }, "end": { "line": 26, "column": 52 } },
      "26": { "start": { "line": 27, "column": 0 }, "end": { "line": 27, "column": 0 } },
      "27": { "start": { "line": 28, "column": 0 }, "end": { "line": 28, "column": 34 } },
      "28": { "start": { "line": 29, "column": 0 }, "end": { "line": 29, "column": 23 } },
      "29": { "start": { "line": 30, "column": 0 }, "end": { "line": 30, "column": 4 } },
      "30": { "start": { "line": 31, "column": 0 }, "end": { "line": 31, "column": 0 } },
      "31": { "start": { "line": 32, "column": 0 }, "end": { "line": 32, "column": 34 } },
      "32": { "start": { "line": 33, "column": 0 }, "end": { "line": 33, "column": 24 } },
      "33": { "start": { "line": 34, "column": 0 }, "end": { "line": 34, "column": 4 } },
      "34": { "start": { "line": 35, "column": 0 }, "end": { "line": 35, "column": 0 } },
      "35": { "start": { "line": 36, "column": 0 }, "end": { "line": 36, "column": 10 } },
      "36": { "start": { "line": 37, "column": 0 }, "end": { "line": 37, "column": 118 } },
      "37": { "start": { "line": 38, "column": 0 }, "end": { "line": 38, "column": 16 } },
      "38": { "start": { "line": 39, "column": 0 }, "end": { "line": 39, "column": 109 } },
      "39": { "start": { "line": 40, "column": 0 }, "end": { "line": 40, "column": 10 } },
      "40": { "start": { "line": 41, "column": 0 }, "end": { "line": 41, "column": 4 } },
      "41": { "start": { "line": 42, "column": 0 }, "end": { "line": 42, "column": 2 } },
      "42": { "start": { "line": 43, "column": 0 }, "end": { "line": 43, "column": 0 } },
      "43": { "start": { "line": 44, "column": 0 }, "end": { "line": 44, "column": 23 } }
    },
    "s": {
      "0": 1,
      "1": 1,
      "2": 1,
      "3": 1,
      "4": 0,
      "5": 0,
      "6": 0,
      "7": 0,
      "8": 0,
      "9": 0,
      "10": 0,
      "11": 0,
      "12": 0,
      "13": 0,
      "14": 0,
      "15": 1,
      "16": 1,
      "17": 0,
      "18": 0,
      "19": 0,
      "20": 0,
      "21": 0,
      "22": 0,
      "23": 0,
      "24": 0,
      "25": 0,
      "26": 0,
      "27": 0,
      "28": 0,
      "29": 0,
      "30": 0,
      "31": 0,
      "32": 0,
      "33": 0,
      "34": 0,
      "35": 0,
      "36": 0,
      "37": 0,
      "38": 0,
      "39": 0,
      "40": 0,
      "41": 0,
      "42": 1,
      "43": 1
    },
    "branchMap": {},
    "b": {},
    "fnMap": {
      "0": {
        "name": "getPositionClass",
        "decl": { "start": { "line": 4, "column": 25 }, "end": { "line": 15, "column": 2 } },
        "loc": { "start": { "line": 4, "column": 25 }, "end": { "line": 15, "column": 2 } },
        "line": 4
      },
      "1": {
        "name": "Tooltip",
        "decl": { "start": { "line": 17, "column": 16 }, "end": { "line": 42, "column": 2 } },
        "loc": { "start": { "line": 17, "column": 16 }, "end": { "line": 42, "column": 2 } },
        "line": 17
      }
    },
    "f": { "0": 0, "1": 0 }
  },
  "/home/newuser/Documents/spotlight/packages/overlay/src/integrations/sentry/constants.ts": {
    "path": "/home/newuser/Documents/spotlight/packages/overlay/src/integrations/sentry/constants.ts",
    "all": false,
    "statementMap": {
      "0": { "start": { "line": 1, "column": 0 }, "end": { "line": 1, "column": 36 } },
      "1": { "start": { "line": 2, "column": 0 }, "end": { "line": 2, "column": 30 } },
      "2": { "start": { "line": 3, "column": 0 }, "end": { "line": 3, "column": 26 } },
      "3": { "start": { "line": 4, "column": 0 }, "end": { "line": 4, "column": 22 } },
      "4": { "start": { "line": 5, "column": 0 }, "end": { "line": 5, "column": 37 } },
      "5": { "start": { "line": 6, "column": 0 }, "end": { "line": 6, "column": 2 } },
      "6": { "start": { "line": 7, "column": 0 }, "end": { "line": 7, "column": 0 } },
      "7": { "start": { "line": 8, "column": 0 }, "end": { "line": 8, "column": 33 } },
      "8": { "start": { "line": 9, "column": 0 }, "end": { "line": 9, "column": 3 } },
      "9": { "start": { "line": 10, "column": 0 }, "end": { "line": 10, "column": 22 } },
      "10": { "start": { "line": 11, "column": 0 }, "end": { "line": 11, "column": 34 } },
      "11": { "start": { "line": 12, "column": 0 }, "end": { "line": 12, "column": 45 } },
      "12": { "start": { "line": 13, "column": 0 }, "end": { "line": 13, "column": 18 } },
      "13": { "start": { "line": 14, "column": 0 }, "end": { "line": 14, "column": 4 } },
      "14": { "start": { "line": 15, "column": 0 }, "end": { "line": 15, "column": 3 } },
      "15": { "start": { "line": 16, "column": 0 }, "end": { "line": 16, "column": 22 } },
      "16": { "start": { "line": 17, "column": 0 }, "end": { "line": 17, "column": 26 } },
      "17": { "start": { "line": 18, "column": 0 }, "end": { "line": 18, "column": 45 } },
      "18": { "start": { "line": 19, "column": 0 }, "end": { "line": 19, "column": 4 } },
      "19": { "start": { "line": 20, "column": 0 }, "end": { "line": 20, "column": 3 } },
      "20": { "start": { "line": 21, "column": 0 }, "end": { "line": 21, "column": 20 } },
      "21": { "start": { "line": 22, "column": 0 }, "end": { "line": 22, "column": 24 } },
      "22": { "start": { "line": 23, "column": 0 }, "end": { "line": 23, "column": 43 } },
      "23": { "start": { "line": 24, "column": 0 }, "end": { "line": 24, "column": 4 } },
      "24": { "start": { "line": 25, "column": 0 }, "end": { "line": 25, "column": 3 } },
      "25": { "start": { "line": 26, "column": 0 }, "end": { "line": 26, "column": 25 } },
      "26": { "start": { "line": 27, "column": 0 }, "end": { "line": 27, "column": 30 } },
      "27": { "start": { "line": 28, "column": 0 }, "end": { "line": 28, "column": 48 } },
      "28": { "start": { "line": 29, "column": 0 }, "end": { "line": 29, "column": 4 } },
      "29": { "start": { "line": 30, "column": 0 }, "end": { "line": 30, "column": 2 } },
      "30": { "start": { "line": 31, "column": 0 }, "end": { "line": 31, "column": 0 } },
      "31": { "start": { "line": 32, "column": 0 }, "end": { "line": 32, "column": 34 } },
      "32": { "start": { "line": 33, "column": 0 }, "end": { "line": 33, "column": 33 } },
      "33": { "start": { "line": 34, "column": 0 }, "end": { "line": 34, "column": 26 } },
      "34": { "start": { "line": 35, "column": 0 }, "end": { "line": 35, "column": 30 } },
      "35": { "start": { "line": 36, "column": 0 }, "end": { "line": 36, "column": 2 } },
      "36": { "start": { "line": 37, "column": 0 }, "end": { "line": 37, "column": 0 } },
      "37": { "start": { "line": 38, "column": 0 }, "end": { "line": 38, "column": 32 } },
      "38": { "start": { "line": 39, "column": 0 }, "end": { "line": 39, "column": 3 } },
      "39": { "start": { "line": 40, "column": 0 }, "end": { "line": 40, "column": 20 } },
      "40": { "start": { "line": 41, "column": 0 }, "end": { "line": 41, "column": 31 } },
      "41": { "start": { "line": 42, "column": 0 }, "end": { "line": 42, "column": 41 } },
      "42": { "start": { "line": 43, "column": 0 }, "end": { "line": 43, "column": 18 } },
      "43": { "start": { "line": 44, "column": 0 }, "end": { "line": 44, "column": 4 } },
      "44": { "start": { "line": 45, "column": 0 }, "end": { "line": 45, "column": 3 } },
      "45": { "start": { "line": 46, "column": 0 }, "end": { "line": 46, "column": 22 } },
      "46": { "start": { "line": 47, "column": 0 }, "end": { "line": 47, "column": 26 } },
      "47": { "start": { "line": 48, "column": 0 }, "end": { "line": 48, "column": 43 } },
      "48": { "start": { "line": 49, "column": 0 }, "end": { "line": 49, "column": 4 } },
      "49": { "start": { "line": 50, "column": 0 }, "end": { "line": 50, "column": 3 } },
      "50": { "start": { "line": 51, "column": 0 }, "end": { "line": 51, "column": 20 } },
      "51": { "start": { "line": 52, "column": 0 }, "end": { "line": 52, "column": 24 } },
      "52": { "start": { "line": 53, "column": 0 }, "end": { "line": 53, "column": 41 } },
      "53": { "start": { "line": 54, "column": 0 }, "end": { "line": 54, "column": 4 } },
      "54": { "start": { "line": 55, "column": 0 }, "end": { "line": 55, "column": 2 } },
      "55": { "start": { "line": 56, "column": 0 }, "end": { "line": 56, "column": 0 } },
      "56": { "start": { "line": 57, "column": 0 }, "end": { "line": 57, "column": 40 } },
      "57": { "start": { "line": 58, "column": 0 }, "end": { "line": 58, "column": 22 } },
      "58": { "start": { "line": 59, "column": 0 }, "end": { "line": 59, "column": 20 } },
      "59": { "start": { "line": 60, "column": 0 }, "end": { "line": 60, "column": 26 } },
      "60": { "start": { "line": 61, "column": 0 }, "end": { "line": 61, "column": 2 } },
      "61": { "start": { "line": 62, "column": 0 }, "end": { "line": 62, "column": 0 } },
      "62": { "start": { "line": 63, "column": 0 }, "end": { "line": 63, "column": 38 } },
      "63": { "start": { "line": 64, "column": 0 }, "end": { "line": 64, "column": 3 } },
      "64": { "start": { "line": 65, "column": 0 }, "end": { "line": 65, "column": 18 } },
      "65": { "start": { "line": 66, "column": 0 }, "end": { "line": 66, "column": 22 } },
      "66": { "start": { "line": 67, "column": 0 }, "end": { "line": 67, "column": 45 } },
      "67": { "start": { "line": 68, "column": 0 }, "end": { "line": 68, "column": 18 } },
      "68": { "start": { "line": 69, "column": 0 }, "end": { "line": 69, "column": 4 } },
      "69": { "start": { "line": 70, "column": 0 }, "end": { "line": 70, "column": 3 } },
      "70": { "start": { "line": 71, "column": 0 }, "end": { "line": 71, "column": 17 } },
      "71": { "start": { "line": 72, "column": 0 }, "end": { "line": 72, "column": 21 } },
      "72": { "start": { "line": 73, "column": 0 }, "end": { "line": 73, "column": 44 } },
      "73": { "start": { "line": 74, "column": 0 }, "end": { "line": 74, "column": 4 } },
      "74": { "start": { "line": 75, "column": 0 }, "end": { "line": 75, "column": 3 } },
      "75": { "start": { "line": 76, "column": 0 }, "end": { "line": 76, "column": 20 } },
      "76": { "start": { "line": 77, "column": 0 }, "end": { "line": 77, "column": 24 } },
      "77": { "start": { "line": 78, "column": 0 }, "end": { "line": 78, "column": 47 } },
      "78": { "start": { "line": 79, "column": 0 }, "end": { "line": 79, "column": 4 } },
      "79": { "start": { "line": 80, "column": 0 }, "end": { "line": 80, "column": 2 } },
      "80": { "start": { "line": 81, "column": 0 }, "end": { "line": 81, "column": 0 } },
      "81": { "start": { "line": 82, "column": 0 }, "end": { "line": 82, "column": 37 } },
      "82": { "start": { "line": 83, "column": 0 }, "end": { "line": 83, "column": 17 } },
      "83": { "start": { "line": 84, "column": 0 }, "end": { "line": 84, "column": 13 } },
      "84": { "start": { "line": 85, "column": 0 }, "end": { "line": 85, "column": 13 } },
      "85": { "start": { "line": 86, "column": 0 }, "end": { "line": 86, "column": 13 } },
      "86": { "start": { "line": 87, "column": 0 }, "end": { "line": 87, "column": 13 } },
      "87": { "start": { "line": 88, "column": 0 }, "end": { "line": 88, "column": 15 } },
      "88": { "start": { "line": 89, "column": 0 }, "end": { "line": 89, "column": 35 } },
      "89": { "start": { "line": 90, "column": 0 }, "end": { "line": 90, "column": 2 } },
      "90": { "start": { "line": 91, "column": 0 }, "end": { "line": 91, "column": 0 } },
      "91": { "start": { "line": 92, "column": 0 }, "end": { "line": 92, "column": 35 } },
      "92": { "start": { "line": 93, "column": 0 }, "end": { "line": 93, "column": 3 } },
      "93": { "start": { "line": 94, "column": 0 }, "end": { "line": 94, "column": 16 } },
      "94": { "start": { "line": 95, "column": 0 }, "end": { "line": 95, "column": 19 } },
      "95": { "start": { "line": 96, "column": 0 }, "end": { "line": 96, "column": 40 } },
      "96": { "start": { "line": 97, "column": 0 }, "end": { "line": 97, "column": 18 } },
      "97": { "start": { "line": 98, "column": 0 }, "end": { "line": 98, "column": 4 } },
      "98": { "start": { "line": 99, "column": 0 }, "end": { "line": 99, "column": 3 } },
      "99": { "start": { "line": 100, "column": 0 }, "end": { "line": 100, "column": 14 } },
      "100": { "start": { "line": 101, "column": 0 }, "end": { "line": 101, "column": 17 } },
      "101": { "start": { "line": 102, "column": 0 }, "end": { "line": 102, "column": 38 } },
      "102": { "start": { "line": 103, "column": 0 }, "end": { "line": 103, "column": 4 } },
      "103": { "start": { "line": 104, "column": 0 }, "end": { "line": 104, "column": 3 } },
      "104": { "start": { "line": 105, "column": 0 }, "end": { "line": 105, "column": 14 } },
      "105": { "start": { "line": 106, "column": 0 }, "end": { "line": 106, "column": 17 } },
      "106": { "start": { "line": 107, "column": 0 }, "end": { "line": 107, "column": 38 } },
      "107": { "start": { "line": 108, "column": 0 }, "end": { "line": 108, "column": 4 } },
      "108": { "start": { "line": 109, "column": 0 }, "end": { "line": 109, "column": 3 } },
      "109": { "start": { "line": 110, "column": 0 }, "end": { "line": 110, "column": 14 } },
      "110": { "start": { "line": 111, "column": 0 }, "end": { "line": 111, "column": 17 } },
      "111": { "start": { "line": 112, "column": 0 }, "end": { "line": 112, "column": 38 } },
      "112": { "start": { "line": 113, "column": 0 }, "end": { "line": 113, "column": 4 } },
      "113": { "start": { "line": 114, "column": 0 }, "end": { "line": 114, "column": 3 } },
      "114": { "start": { "line": 115, "column": 0 }, "end": { "line": 115, "column": 14 } },
      "115": { "start": { "line": 116, "column": 0 }, "end": { "line": 116, "column": 17 } },
      "116": { "start": { "line": 117, "column": 0 }, "end": { "line": 117, "column": 38 } },
      "117": { "start": { "line": 118, "column": 0 }, "end": { "line": 118, "column": 4 } },
      "118": { "start": { "line": 119, "column": 0 }, "end": { "line": 119, "column": 3 } },
      "119": { "start": { "line": 120, "column": 0 }, "end": { "line": 120, "column": 15 } },
      "120": { "start": { "line": 121, "column": 0 }, "end": { "line": 121, "column": 18 } },
      "121": { "start": { "line": 122, "column": 0 }, "end": { "line": 122, "column": 39 } },
      "122": { "start": { "line": 123, "column": 0 }, "end": { "line": 123, "column": 4 } },
      "123": { "start": { "line": 124, "column": 0 }, "end": { "line": 124, "column": 3 } },
      "124": { "start": { "line": 125, "column": 0 }, "end": { "line": 125, "column": 16 } },
      "125": { "start": { "line": 126, "column": 0 }, "end": { "line": 126, "column": 24 } },
      "126": { "start": { "line": 127, "column": 0 }, "end": { "line": 127, "column": 40 } },
      "127": { "start": { "line": 128, "column": 0 }, "end": { "line": 128, "column": 4 } },
      "128": { "start": { "line": 129, "column": 0 }, "end": { "line": 129, "column": 2 } },
      "129": { "start": { "line": 130, "column": 0 }, "end": { "line": 130, "column": 0 } },
      "130": { "start": { "line": 131, "column": 0 }, "end": { "line": 131, "column": 63 } },
      "131": { "start": { "line": 132, "column": 0 }, "end": { "line": 132, "column": 0 } },
      "132": { "start": { "line": 133, "column": 0 }, "end": { "line": 133, "column": 43 } },
      "133": { "start": { "line": 134, "column": 0 }, "end": { "line": 134, "column": 13 } },
      "134": { "start": { "line": 135, "column": 0 }, "end": { "line": 135, "column": 5 } },
      "135": { "start": { "line": 136, "column": 0 }, "end": { "line": 136, "column": 21 } },
      "136": { "start": { "line": 137, "column": 0 }, "end": { "line": 137, "column": 24 } },
      "137": { "start": { "line": 138, "column": 0 }, "end": { "line": 138, "column": 87 } },
      "138": { "start": { "line": 139, "column": 0 }, "end": { "line": 139, "column": 87 } },
      "139": { "start": { "line": 140, "column": 0 }, "end": { "line": 140, "column": 84 } },
      "140": { "start": { "line": 141, "column": 0 }, "end": { "line": 141, "column": 83 } },
      "141": { "start": { "line": 142, "column": 0 }, "end": { "line": 142, "column": 86 } },
      "142": { "start": { "line": 143, "column": 0 }, "end": { "line": 143, "column": 8 } },
      "143": { "start": { "line": 144, "column": 0 }, "end": { "line": 144, "column": 84 } },
      "144": { "start": { "line": 145, "column": 0 }, "end": { "line": 145, "column": 6 } },
      "145": { "start": { "line": 146, "column": 0 }, "end": { "line": 146, "column": 111 } },
      "146": { "start": { "line": 147, "column": 0 }, "end": { "line": 147, "column": 8 } },
      "147": { "start": { "line": 148, "column": 0 }, "end": { "line": 148, "column": 27 } },
      "148": { "start": { "line": 149, "column": 0 }, "end": { "line": 149, "column": 29 } },
      "149": { "start": { "line": 150, "column": 0 }, "end": { "line": 150, "column": 98 } },
      "150": { "start": { "line": 151, "column": 0 }, "end": { "line": 151, "column": 98 } },
      "151": { "start": { "line": 152, "column": 0 }, "end": { "line": 152, "column": 96 } },
      "152": { "start": { "line": 153, "column": 0 }, "end": { "line": 153, "column": 93 } },
      "153": { "start": { "line": 154, "column": 0 }, "end": { "line": 154, "column": 97 } },
      "154": { "start": { "line": 155, "column": 0 }, "end": { "line": 155, "column": 11 } },
      "155": { "start": { "line": 156, "column": 0 }, "end": { "line": 156, "column": 93 } },
      "156": { "start": { "line": 157, "column": 0 }, "end": { "line": 157, "column": 9 } },
      "157": { "start": { "line": 158, "column": 0 }, "end": { "line": 158, "column": 8 } },
      "158": { "start": { "line": 159, "column": 0 }, "end": { "line": 159, "column": 26 } },
      "159": { "start": { "line": 160, "column": 0 }, "end": { "line": 160, "column": 29 } },
      "160": { "start": { "line": 161, "column": 0 }, "end": { "line": 161, "column": 98 } },
      "161": { "start": { "line": 162, "column": 0 }, "end": { "line": 162, "column": 98 } },
      "162": { "start": { "line": 163, "column": 0 }, "end": { "line": 163, "column": 95 } },
      "163": { "start": { "line": 164, "column": 0 }, "end": { "line": 164, "column": 93 } },
      "164": { "start": { "line": 165, "column": 0 }, "end": { "line": 165, "column": 97 } },
      "165": { "start": { "line": 166, "column": 0 }, "end": { "line": 166, "column": 11 } },
      "166": { "start": { "line": 167, "column": 0 }, "end": { "line": 167, "column": 92 } },
      "167": { "start": { "line": 168, "column": 0 }, "end": { "line": 168, "column": 9 } },
      "168": { "start": { "line": 169, "column": 0 }, "end": { "line": 169, "column": 8 } },
      "169": { "start": { "line": 170, "column": 0 }, "end": { "line": 170, "column": 24 } },
      "170": { "start": { "line": 171, "column": 0 }, "end": { "line": 171, "column": 29 } },
      "171": { "start": { "line": 172, "column": 0 }, "end": { "line": 172, "column": 98 } },
      "172": { "start": { "line": 173, "column": 0 }, "end": { "line": 173, "column": 99 } },
      "173": { "start": { "line": 174, "column": 0 }, "end": { "line": 174, "column": 96 } },
      "174": { "start": { "line": 175, "column": 0 }, "end": { "line": 175, "column": 94 } },
      "175": { "start": { "line": 176, "column": 0 }, "end": { "line": 176, "column": 97 } },
      "176": { "start": { "line": 177, "column": 0 }, "end": { "line": 177, "column": 11 } },
      "177": { "start": { "line": 178, "column": 0 }, "end": { "line": 178, "column": 90 } },
      "178": { "start": { "line": 179, "column": 0 }, "end": { "line": 179, "column": 9 } },
      "179": { "start": { "line": 180, "column": 0 }, "end": { "line": 180, "column": 8 } },
      "180": { "start": { "line": 181, "column": 0 }, "end": { "line": 181, "column": 25 } },
      "181": { "start": { "line": 182, "column": 0 }, "end": { "line": 182, "column": 29 } },
      "182": { "start": { "line": 183, "column": 0 }, "end": { "line": 183, "column": 98 } },
      "183": { "start": { "line": 184, "column": 0 }, "end": { "line": 184, "column": 99 } },
      "184": { "start": { "line": 185, "column": 0 }, "end": { "line": 185, "column": 96 } },
      "185": { "start": { "line": 186, "column": 0 }, "end": { "line": 186, "column": 94 } },
      "186": { "start": { "line": 187, "column": 0 }, "end": { "line": 187, "column": 97 } },
      "187": { "start": { "line": 188, "column": 0 }, "end": { "line": 188, "column": 11 } },
      "188": { "start": { "line": 189, "column": 0 }, "end": { "line": 189, "column": 91 } },
      "189": { "start": { "line": 190, "column": 0 }, "end": { "line": 190, "column": 8 } },
      "190": { "start": { "line": 191, "column": 0 }, "end": { "line": 191, "column": 4 } },
      "191": { "start": { "line": 192, "column": 0 }, "end": { "line": 192, "column": 2 } }
    },
    "s": {
      "0": 1,
      "1": 1,
      "2": 1,
      "3": 1,
      "4": 1,
      "5": 1,
      "6": 1,
      "7": 1,
      "8": 1,
      "9": 1,
      "10": 1,
      "11": 1,
      "12": 1,
      "13": 1,
      "14": 1,
      "15": 1,
      "16": 1,
      "17": 1,
      "18": 1,
      "19": 1,
      "20": 1,
      "21": 1,
      "22": 1,
      "23": 1,
      "24": 1,
      "25": 1,
      "26": 1,
      "27": 1,
      "28": 1,
      "29": 1,
      "30": 1,
      "31": 1,
      "32": 1,
      "33": 1,
      "34": 1,
      "35": 1,
      "36": 1,
      "37": 1,
      "38": 1,
      "39": 1,
      "40": 1,
      "41": 1,
      "42": 1,
      "43": 1,
      "44": 1,
      "45": 1,
      "46": 1,
      "47": 1,
      "48": 1,
      "49": 1,
      "50": 1,
      "51": 1,
      "52": 1,
      "53": 1,
      "54": 1,
      "55": 1,
      "56": 1,
      "57": 1,
      "58": 1,
      "59": 1,
      "60": 1,
      "61": 1,
      "62": 1,
      "63": 1,
      "64": 1,
      "65": 1,
      "66": 1,
      "67": 1,
      "68": 1,
      "69": 1,
      "70": 1,
      "71": 1,
      "72": 1,
      "73": 1,
      "74": 1,
      "75": 1,
      "76": 1,
      "77": 1,
      "78": 1,
      "79": 1,
      "80": 1,
      "81": 1,
      "82": 1,
      "83": 1,
      "84": 1,
      "85": 1,
      "86": 1,
      "87": 1,
      "88": 1,
      "89": 1,
      "90": 1,
      "91": 1,
      "92": 1,
      "93": 1,
      "94": 1,
      "95": 1,
      "96": 1,
      "97": 1,
      "98": 1,
      "99": 1,
      "100": 1,
      "101": 1,
      "102": 1,
      "103": 1,
      "104": 1,
      "105": 1,
      "106": 1,
      "107": 1,
      "108": 1,
      "109": 1,
      "110": 1,
      "111": 1,
      "112": 1,
      "113": 1,
      "114": 1,
      "115": 1,
      "116": 1,
      "117": 1,
      "118": 1,
      "119": 1,
      "120": 1,
      "121": 1,
      "122": 1,
      "123": 1,
      "124": 1,
      "125": 1,
      "126": 1,
      "127": 1,
      "128": 1,
      "129": 1,
      "130": 1,
      "131": 1,
      "132": 1,
      "133": 1,
      "134": 1,
      "135": 1,
      "136": 1,
      "137": 1,
      "138": 1,
      "139": 1,
      "140": 1,
      "141": 1,
      "142": 1,
      "143": 1,
      "144": 1,
      "145": 1,
      "146": 1,
      "147": 1,
      "148": 1,
      "149": 1,
      "150": 1,
      "151": 1,
      "152": 1,
      "153": 1,
      "154": 1,
      "155": 1,
      "156": 1,
      "157": 1,
      "158": 1,
      "159": 1,
      "160": 1,
      "161": 1,
      "162": 1,
      "163": 1,
      "164": 1,
      "165": 1,
      "166": 1,
      "167": 1,
      "168": 1,
      "169": 1,
      "170": 1,
      "171": 1,
      "172": 1,
      "173": 1,
      "174": 1,
      "175": 1,
      "176": 1,
      "177": 1,
      "178": 1,
      "179": 1,
      "180": 1,
      "181": 1,
      "182": 1,
      "183": 1,
      "184": 1,
      "185": 1,
      "186": 1,
      "187": 1,
      "188": 1,
      "189": 1,
      "190": 1,
      "191": 1
    },
    "branchMap": {},
    "b": {},
    "fnMap": {},
    "f": {}
  },
  "/home/newuser/Documents/spotlight/packages/overlay/src/integrations/sentry/index.ts": {
    "path": "/home/newuser/Documents/spotlight/packages/overlay/src/integrations/sentry/index.ts",
    "all": false,
    "statementMap": {
      "0": { "start": { "line": 1, "column": 0 }, "end": { "line": 1, "column": 46 } },
      "1": { "start": { "line": 2, "column": 0 }, "end": { "line": 2, "column": 64 } },
      "2": { "start": { "line": 3, "column": 0 }, "end": { "line": 3, "column": 39 } },
      "3": { "start": { "line": 4, "column": 0 }, "end": { "line": 4, "column": 67 } },
      "4": { "start": { "line": 5, "column": 0 }, "end": { "line": 5, "column": 53 } },
      "5": { "start": { "line": 6, "column": 0 }, "end": { "line": 6, "column": 49 } },
      "6": { "start": { "line": 7, "column": 0 }, "end": { "line": 7, "column": 41 } },
      "7": { "start": { "line": 8, "column": 0 }, "end": { "line": 8, "column": 51 } },
      "8": { "start": { "line": 9, "column": 0 }, "end": { "line": 9, "column": 37 } },
      "9": { "start": { "line": 10, "column": 0 }, "end": { "line": 10, "column": 41 } },
      "10": { "start": { "line": 11, "column": 0 }, "end": { "line": 11, "column": 0 } },
      "11": { "start": { "line": 12, "column": 0 }, "end": { "line": 12, "column": 47 } },
      "12": { "start": { "line": 13, "column": 0 }, "end": { "line": 13, "column": 0 } },
      "13": { "start": { "line": 14, "column": 0 }, "end": { "line": 14, "column": 33 } },
      "14": { "start": { "line": 15, "column": 0 }, "end": { "line": 15, "column": 22 } },
      "15": { "start": { "line": 16, "column": 0 }, "end": { "line": 16, "column": 26 } },
      "16": { "start": { "line": 17, "column": 0 }, "end": { "line": 17, "column": 2 } },
      "17": { "start": { "line": 18, "column": 0 }, "end": { "line": 18, "column": 0 } },
      "18": { "start": { "line": 19, "column": 0 }, "end": { "line": 19, "column": 79 } },
      "19": { "start": { "line": 20, "column": 0 }, "end": { "line": 20, "column": 10 } },
      "20": { "start": { "line": 21, "column": 0 }, "end": { "line": 21, "column": 19 } },
      "21": { "start": { "line": 22, "column": 0 }, "end": { "line": 22, "column": 35 } },
      "22": { "start": { "line": 23, "column": 0 }, "end": { "line": 23, "column": 0 } },
      "23": { "start": { "line": 24, "column": 0 }, "end": { "line": 24, "column": 26 } },
      "24": { "start": { "line": 25, "column": 0 }, "end": { "line": 25, "column": 47 } },
      "25": { "start": { "line": 26, "column": 0 }, "end": { "line": 26, "column": 0 } },
      "26": { "start": { "line": 27, "column": 0 }, "end": { "line": 27, "column": 61 } },
      "27": { "start": { "line": 28, "column": 0 }, "end": { "line": 28, "column": 0 } },
      "28": { "start": { "line": 29, "column": 0 }, "end": { "line": 29, "column": 49 } },
      "29": { "start": { "line": 30, "column": 0 }, "end": { "line": 30, "column": 47 } },
      "30": { "start": { "line": 31, "column": 0 }, "end": { "line": 31, "column": 70 } },
      "31": { "start": { "line": 32, "column": 0 }, "end": { "line": 32, "column": 29 } },
      "32": { "start": { "line": 33, "column": 0 }, "end": { "line": 33, "column": 44 } },
      "33": { "start": { "line": 34, "column": 0 }, "end": { "line": 34, "column": 8 } },
      "34": { "start": { "line": 35, "column": 0 }, "end": { "line": 35, "column": 0 } },
      "35": { "start": { "line": 36, "column": 0 }, "end": { "line": 36, "column": 96 } },
      "36": { "start": { "line": 37, "column": 0 }, "end": { "line": 37, "column": 0 } },
      "37": { "start": { "line": 38, "column": 0 }, "end": { "line": 38, "column": 20 } },
      "38": { "start": { "line": 39, "column": 0 }, "end": { "line": 39, "column": 101 } },
      "39": { "start": { "line": 40, "column": 0 }, "end": { "line": 40, "column": 8 } },
      "40": { "start": { "line": 41, "column": 0 }, "end": { "line": 41, "column": 6 } },
      "41": { "start": { "line": 42, "column": 0 }, "end": { "line": 42, "column": 0 } },
      "42": { "start": { "line": 43, "column": 0 }, "end": { "line": 43, "column": 69 } },
      "43": { "start": { "line": 44, "column": 0 }, "end": { "line": 44, "column": 0 } },
      "44": { "start": { "line": 45, "column": 0 }, "end": { "line": 45, "column": 17 } },
      "45": { "start": { "line": 46, "column": 0 }, "end": { "line": 46, "column": 41 } },
      "46": { "start": { "line": 47, "column": 0 }, "end": { "line": 47, "column": 20 } },
      "47": { "start": { "line": 48, "column": 0 }, "end": { "line": 48, "column": 16 } },
      "48": { "start": { "line": 49, "column": 0 }, "end": { "line": 49, "column": 14 } },
      "49": { "start": { "line": 50, "column": 0 }, "end": { "line": 50, "column": 38 } },
      "50": { "start": { "line": 51, "column": 0 }, "end": { "line": 51, "column": 119 } },
      "51": { "start": { "line": 52, "column": 0 }, "end": { "line": 52, "column": 17 } },
      "52": { "start": { "line": 53, "column": 0 }, "end": { "line": 53, "column": 0 } },
      "53": { "start": { "line": 54, "column": 0 }, "end": { "line": 54, "column": 118 } },
      "54": { "start": { "line": 55, "column": 0 }, "end": { "line": 55, "column": 0 } },
      "55": { "start": { "line": 56, "column": 0 }, "end": { "line": 56, "column": 14 } },
      "56": { "start": { "line": 57, "column": 0 }, "end": { "line": 57, "column": 9 } },
      "57": { "start": { "line": 58, "column": 0 }, "end": { "line": 58, "column": 23 } },
      "58": { "start": { "line": 59, "column": 0 }, "end": { "line": 59, "column": 26 } },
      "59": { "start": { "line": 60, "column": 0 }, "end": { "line": 60, "column": 30 } },
      "60": { "start": { "line": 61, "column": 0 }, "end": { "line": 61, "column": 31 } },
      "61": { "start": { "line": 62, "column": 0 }, "end": { "line": 62, "column": 36 } },
      "62": { "start": { "line": 63, "column": 0 }, "end": { "line": 63, "column": 12 } },
      "63": { "start": { "line": 64, "column": 0 }, "end": { "line": 64, "column": 29 } },
      "64": { "start": { "line": 65, "column": 0 }, "end": { "line": 65, "column": 10 } },
      "65": { "start": { "line": 66, "column": 0 }, "end": { "line": 66, "column": 9 } },
      "66": { "start": { "line": 67, "column": 0 }, "end": { "line": 67, "column": 23 } },
      "67": { "start": { "line": 68, "column": 0 }, "end": { "line": 68, "column": 26 } },
      "68": { "start": { "line": 69, "column": 0 }, "end": { "line": 69, "column": 30 } },
      "69": { "start": { "line": 70, "column": 0 }, "end": { "line": 70, "column": 38 } },
      "70": { "start": { "line": 71, "column": 0 }, "end": { "line": 71, "column": 12 } },
      "71": { "start": { "line": 72, "column": 0 }, "end": { "line": 72, "column": 29 } },
      "72": { "start": { "line": 73, "column": 0 }, "end": { "line": 73, "column": 10 } },
      "73": { "start": { "line": 74, "column": 0 }, "end": { "line": 74, "column": 9 } },
      "74": { "start": { "line": 75, "column": 0 }, "end": { "line": 75, "column": 28 } },
      "75": { "start": { "line": 76, "column": 0 }, "end": { "line": 76, "column": 31 } },
      "76": { "start": { "line": 77, "column": 0 }, "end": { "line": 77, "column": 34 } },
      "77": { "start": { "line": 78, "column": 0 }, "end": { "line": 78, "column": 10 } },
      "78": { "start": { "line": 79, "column": 0 }, "end": { "line": 79, "column": 9 } },
      "79": { "start": { "line": 80, "column": 0 }, "end": { "line": 80, "column": 21 } },
      "80": { "start": { "line": 81, "column": 0 }, "end": { "line": 81, "column": 24 } },
      "81": { "start": { "line": 82, "column": 0 }, "end": { "line": 82, "column": 27 } },
      "82": { "start": { "line": 83, "column": 0 }, "end": { "line": 83, "column": 10 } },
      "83": { "start": { "line": 84, "column": 0 }, "end": { "line": 84, "column": 8 } },
      "84": { "start": { "line": 85, "column": 0 }, "end": { "line": 85, "column": 6 } },
      "85": { "start": { "line": 86, "column": 0 }, "end": { "line": 86, "column": 36 } },
      "86": { "start": { "line": 87, "column": 0 }, "end": { "line": 87, "column": 1 } },
[...]
      "204": 0,
      "205": 0,
      "206": 0,
      "207": 0,
      "208": 0,
      "209": 0,
      "210": 0,
      "211": 0,
      "212": 0,
      "213": 0,
      "214": 0,
      "215": 0,
      "216": 0,
      "217": 0,
      "218": 0,
      "219": 0,
      "220": 0,
      "221": 0,
      "222": 0,
      "223": 0,
      "224": 0,
      "225": 0,
      "226": 0,
      "227": 0
    },
    "branchMap": {},
    "b": {},
    "fnMap": {
      "0": {
        "name": "erf",
        "decl": { "start": { "line": 7, "column": 0 }, "end": { "line": 22, "column": 1 } },
        "loc": { "start": { "line": 7, "column": 0 }, "end": { "line": 22, "column": 1 } },
        "line": 7
      },
      "1": {
        "name": "calculateCdfSigma",
        "decl": { "start": { "line": 25, "column": 7 }, "end": { "line": 27, "column": 1 } },
        "loc": { "start": { "line": 25, "column": 7 }, "end": { "line": 27, "column": 1 } },
        "line": 25
      },
      "2": {
        "name": "calculateCdfScore",
        "decl": { "start": { "line": 30, "column": 7 }, "end": { "line": 32, "column": 1 } },
        "loc": { "start": { "line": 30, "column": 7 }, "end": { "line": 32, "column": 1 } },
        "line": 30
      },
      "3": {
        "name": "normalizePerformanceScore",
        "decl": { "start": { "line": 82, "column": 7 }, "end": { "line": 168, "column": 1 } },
        "loc": { "start": { "line": 82, "column": 7 }, "end": { "line": 168, "column": 1 } },
        "line": 82
      },
      "4": {
        "name": "calculateLabelCoordinates",
        "decl": { "start": { "line": 170, "column": 7 }, "end": { "line": 228, "column": 1 } },
        "loc": { "start": { "line": 170, "column": 7 }, "end": { "line": 228, "column": 1 } },
        "line": 170
      }
    },
    "f": { "0": 0, "1": 0, "2": 0, "3": 0, "4": 0 }
  },
  "/home/newuser/Documents/spotlight/packages/overlay/src/lib/classNames.ts": {
    "path": "/home/newuser/Documents/spotlight/packages/overlay/src/lib/classNames.ts",
    "all": false,
    "statementMap": {
      "0": { "start": { "line": 1, "column": 0 }, "end": { "line": 1, "column": 89 } },
      "1": { "start": { "line": 2, "column": 0 }, "end": { "line": 2, "column": 43 } },
      "2": { "start": { "line": 3, "column": 0 }, "end": { "line": 3, "column": 1 } }
    },
    "s": { "0": 0, "1": 0, "2": 0 },
    "branchMap": {},
    "b": {},
    "fnMap": {
      "0": {
        "name": "classNames",
        "decl": { "start": { "line": 1, "column": 0 }, "end": { "line": 3, "column": 1 } },
        "loc": { "start": { "line": 1, "column": 0 }, "end": { "line": 3, "column": 1 } },
        "line": 1
      }
    },
    "f": { "0": 0 }
  },
  "/home/newuser/Documents/spotlight/packages/overlay/src/lib/eventTarget.ts": {
    "path": "/home/newuser/Documents/spotlight/packages/overlay/src/lib/eventTarget.ts",
    "all": false,
    "statementMap": {
      "0": { "start": { "line": 1, "column": 0 }, "end": { "line": 1, "column": 46 } },
      "1": { "start": { "line": 2, "column": 0 }, "end": { "line": 2, "column": 0 } },
      "2": { "start": { "line": 3, "column": 0 }, "end": { "line": 3, "column": 46 } },
      "3": { "start": { "line": 4, "column": 0 }, "end": { "line": 4, "column": 0 } },
      "4": { "start": { "line": 5, "column": 0 }, "end": { "line": 5, "column": 3 } },
      "5": { "start": { "line": 6, "column": 0 }, "end": { "line": 6, "column": 59 } },
      "6": { "start": { "line": 7, "column": 0 }, "end": { "line": 7, "column": 2 } },
      "7": { "start": { "line": 8, "column": 0 }, "end": { "line": 8, "column": 71 } },
      "8": { "start": { "line": 9, "column": 0 }, "end": { "line": 9, "column": 75 } },
      "9": { "start": { "line": 10, "column": 0 }, "end": { "line": 10, "column": 44 } },
      "10": { "start": { "line": 11, "column": 0 }, "end": { "line": 11, "column": 2 } },
      "11": { "start": { "line": 12, "column": 0 }, "end": { "line": 12, "column": 56 } },
      "12": { "start": { "line": 13, "column": 0 }, "end": { "line": 13, "column": 2 } },
      "13": { "start": { "line": 14, "column": 0 }, "end": { "line": 14, "column": 86 } },
      "14": { "start": { "line": 15, "column": 0 }, "end": { "line": 15, "column": 49 } },
      "15": { "start": { "line": 16, "column": 0 }, "end": { "line": 16, "column": 3 } },
      "16": { "start": { "line": 17, "column": 0 }, "end": { "line": 17, "column": 56 } },
      "17": { "start": { "line": 18, "column": 0 }, "end": { "line": 18, "column": 38 } },
      "18": { "start": { "line": 19, "column": 0 }, "end": { "line": 19, "column": 31 } },
      "19": { "start": { "line": 20, "column": 0 }, "end": { "line": 20, "column": 3 } },
      "20": { "start": { "line": 21, "column": 0 }, "end": { "line": 21, "column": 0 } },
      "21": { "start": { "line": 22, "column": 0 }, "end": { "line": 22, "column": 60 } },
      "22": { "start": { "line": 23, "column": 0 }, "end": { "line": 23, "column": 0 } },
      "23": { "start": { "line": 24, "column": 0 }, "end": { "line": 24, "column": 41 } },
      "24": { "start": { "line": 25, "column": 0 }, "end": { "line": 25, "column": 41 } },
      "25": { "start": { "line": 26, "column": 0 }, "end": { "line": 26, "column": 3 } },
      "26": { "start": { "line": 27, "column": 0 }, "end": { "line": 27, "column": 0 } },
      "27": { "start": { "line": 28, "column": 0 }, "end": { "line": 28, "column": 53 } },
      "28": { "start": { "line": 29, "column": 0 }, "end": { "line": 29, "column": 68 } },
      "29": { "start": { "line": 30, "column": 0 }, "end": { "line": 30, "column": 3 } },
      "30": { "start": { "line": 31, "column": 0 }, "end": { "line": 31, "column": 0 } },
      "31": { "start": { "line": 32, "column": 0 }, "end": { "line": 32, "column": 53 } },
      "32": { "start": { "line": 33, "column": 0 }, "end": { "line": 33, "column": 1 } }
    },
    "s": {
      "0": 1,
      "1": 1,
      "2": 1,
      "3": 1,
      "4": 1,
      "5": 1,
      "6": 1,
      "7": 1,
      "8": 1,
      "9": 1,
      "10": 1,
      "11": 1,
      "12": 1,
      "13": 1,
      "14": 1,
      "15": 1,
      "16": 1,
      "17": 0,
      "18": 0,
      "19": 0,
      "20": 0,
      "21": 0,
      "22": 0,
      "23": 0,
      "24": 0,
      "25": 0,
      "26": 0,
      "27": 0,
      "28": 0,
      "29": 0,
      "30": 0,
      "31": 0,
      "32": 0
    },
    "branchMap": {},
    "b": {},
    "fnMap": {
      "0": {
        "name": "getSpotlightEventTarget",
        "decl": { "start": { "line": 17, "column": 7 }, "end": { "line": 33, "column": 1 } },
        "loc": { "start": { "line": 17, "column": 7 }, "end": { "line": 33, "column": 1 } },
        "line": 17
      }
    },
    "f": { "0": 0 }
  },
  "/home/newuser/Documents/spotlight/packages/overlay/src/lib/logger.ts": {
    "path": "/home/newuser/Documents/spotlight/packages/overlay/src/lib/logger.ts",
    "all": false,
    "statementMap": {
      "0": { "start": { "line": 1, "column": 0 }, "end": { "line": 1, "column": 25 } },
      "1": { "start": { "line": 2, "column": 0 }, "end": { "line": 2, "column": 0 } },
      "2": { "start": { "line": 3, "column": 0 }, "end": { "line": 3, "column": 34 } },
      "3": { "start": { "line": 4, "column": 0 }, "end": { "line": 4, "column": 22 } },
      "4": { "start": { "line": 5, "column": 0 }, "end": { "line": 5, "column": 1 } },
      "5": { "start": { "line": 6, "column": 0 }, "end": { "line": 6, "column": 0 } },
      "6": { "start": { "line": 7, "column": 0 }, "end": { "line": 7, "column": 36 } },
      "7": { "start": { "line": 8, "column": 0 }, "end": { "line": 8, "column": 23 } },
      "8": { "start": { "line": 9, "column": 0 }, "end": { "line": 9, "column": 1 } },
      "9": { "start": { "line": 10, "column": 0 }, "end": { "line": 10, "column": 0 } },
      "10": { "start": { "line": 11, "column": 0 }, "end": { "line": 11, "column": 41 } },
      "11": { "start": { "line": 12, "column": 0 }, "end": { "line": 12, "column": 21 } },
      "12": { "start": { "line": 13, "column": 0 }, "end": { "line": 13, "column": 43 } },
      "13": { "start": { "line": 14, "column": 0 }, "end": { "line": 14, "column": 3 } },
      "14": { "start": { "line": 15, "column": 0 }, "end": { "line": 15, "column": 1 } }
    },
    "s": {
      "0": 1,
      "1": 1,
      "2": 1,
      "3": 0,
      "4": 0,
      "5": 1,
      "6": 1,
      "7": 0,
      "8": 0,
      "9": 1,
      "10": 1,
      "11": 4,
      "12": 0,
      "13": 0,
      "14": 4
    },
    "branchMap": {
      "0": {
        "type": "branch",
        "line": 11,
        "loc": { "start": { "line": 11, "column": 7 }, "end": { "line": 15, "column": 1 } },
        "locations": [{ "start": { "line": 11, "column": 7 }, "end": { "line": 15, "column": 1 } }]
      },
      "1": {
        "type": "branch",
        "line": 12,
        "loc": { "start": { "line": 12, "column": 20 }, "end": { "line": 14, "column": 3 } },
        "locations": [{ "start": { "line": 12, "column": 20 }, "end": { "line": 14, "column": 3 } }]
      }
    },
    "b": { "0": [4], "1": [0] },
    "fnMap": {
      "0": {
        "name": "activateLogger",
        "decl": { "start": { "line": 3, "column": 7 }, "end": { "line": 5, "column": 1 } },
        "loc": { "start": { "line": 3, "column": 7 }, "end": { "line": 5, "column": 1 } },
        "line": 3
      },
      "1": {
        "name": "deactivateLogger",
        "decl": { "start": { "line": 7, "column": 7 }, "end": { "line": 9, "column": 1 } },
        "loc": { "start": { "line": 7, "column": 7 }, "end": { "line": 9, "column": 1 } },
        "line": 7
      },
      "2": {
        "name": "log",
        "decl": { "start": { "line": 11, "column": 7 }, "end": { "line": 15, "column": 1 } },
        "loc": { "start": { "line": 11, "column": 7 }, "end": { "line": 15, "column": 1 } },
        "line": 11
      }
    },
    "f": { "0": 0, "1": 0, "2": 4 }
  },
  "/home/newuser/Documents/spotlight/packages/overlay/src/lib/useKeyPress.ts": {
    "path": "/home/newuser/Documents/spotlight/packages/overlay/src/lib/useKeyPress.ts",
    "all": false,
    "statementMap": {
      "0": { "start": { "line": 1, "column": 0 }, "end": { "line": 1, "column": 34 } },
      "1": { "start": { "line": 2, "column": 0 }, "end": { "line": 2, "column": 0 } },
      "2": { "start": { "line": 3, "column": 0 }, "end": { "line": 3, "column": 3 } },
      "3": { "start": { "line": 4, "column": 0 }, "end": { "line": 4, "column": 14 } },
      "4": { "start": { "line": 5, "column": 0 }, "end": { "line": 5, "column": 86 } },
      "5": { "start": { "line": 6, "column": 0 }, "end": { "line": 6, "column": 64 } },
      "6": { "start": { "line": 7, "column": 0 }, "end": { "line": 7, "column": 84 } },
      "7": { "start": { "line": 8, "column": 0 }, "end": { "line": 8, "column": 3 } },
      "8": { "start": { "line": 9, "column": 0 }, "end": { "line": 9, "column": 92 } },
      "9": { "start": { "line": 10, "column": 0 }, "end": { "line": 10, "column": 19 } },
      "10": { "start": { "line": 11, "column": 0 }, "end": { "line": 11, "column": 40 } },
      "11": { "start": { "line": 12, "column": 0 }, "end": { "line": 12, "column": 23 } },
      "12": { "start": { "line": 13, "column": 0 }, "end": { "line": 13, "column": 28 } },
      "13": { "start": { "line": 14, "column": 0 }, "end": { "line": 14, "column": 7 } },
      "14": { "start": { "line": 15, "column": 0 }, "end": { "line": 15, "column": 0 } },
      "15": { "start": { "line": 16, "column": 0 }, "end": { "line": 16, "column": 10 } },
      "16": { "start": { "line": 17, "column": 0 }, "end": { "line": 17, "column": 37 } },
      "17": { "start": { "line": 18, "column": 0 }, "end": { "line": 18, "column": 25 } },
      "18": { "start": { "line": 19, "column": 0 }, "end": { "line": 19, "column": 49 } },
      "19": { "start": { "line": 20, "column": 0 }, "end": { "line": 20, "column": 11 } },
      "20": { "start": { "line": 21, "column": 0 }, "end": { "line": 21, "column": 59 } },
      "21": { "start": { "line": 22, "column": 0 }, "end": { "line": 22, "column": 10 } },
      "22": { "start": { "line": 23, "column": 0 }, "end": { "line": 23, "column": 9 } },
      "23": { "start": { "line": 24, "column": 0 }, "end": { "line": 24, "column": 17 } },
      "24": { "start": { "line": 25, "column": 0 }, "end": { "line": 25, "column": 7 } },
      "25": { "start": { "line": 26, "column": 0 }, "end": { "line": 26, "column": 5 } },
      "26": { "start": { "line": 27, "column": 0 }, "end": { "line": 27, "column": 0 } },
      "27": { "start": { "line": 28, "column": 0 }, "end": { "line": 28, "column": 46 } },
      "28": { "start": { "line": 29, "column": 0 }, "end": { "line": 29, "column": 0 } },
      "29": { "start": { "line": 30, "column": 0 }, "end": { "line": 30, "column": 18 } },
      "30": { "start": { "line": 31, "column": 0 }, "end": { "line": 31, "column": 51 } },
      "31": { "start": { "line": 32, "column": 0 }, "end": { "line": 32, "column": 6 } },
      "32": { "start": { "line": 33, "column": 0 }, "end": { "line": 33, "column": 32 } },
      "33": { "start": { "line": 34, "column": 0 }, "end": { "line": 34, "column": 1 } }
    },
    "s": {
      "0": 1,
      "1": 1,
      "2": 1,
      "3": 1,
      "4": 1,
      "5": 1,
      "6": 1,
      "7": 1,
      "8": 0,
      "9": 0,
      "10": 0,
      "11": 0,
      "12": 0,
      "13": 0,
      "14": 0,
      "15": 0,
      "16": 0,
      "17": 0,
      "18": 0,
      "19": 0,
      "20": 0,
      "21": 0,
      "22": 0,
      "23": 0,
      "24": 0,
      "25": 0,
      "26": 0,
      "27": 0,
      "28": 0,
      "29": 0,
      "30": 0,
      "31": 0,
      "32": 0,
      "33": 0
    },
    "branchMap": {},
    "b": {},
    "fnMap": {
      "0": {
        "name": "useKeyPress",
        "decl": { "start": { "line": 9, "column": 0 }, "end": { "line": 34, "column": 1 } },
        "loc": { "start": { "line": 9, "column": 0 }, "end": { "line": 34, "column": 1 } },
        "line": 9
      }
    },
    "f": { "0": 0 }
  },
  "/home/newuser/Documents/spotlight/packages/overlay/src/lib/useSpotlightContext.tsx": {
    "path": "/home/newuser/Documents/spotlight/packages/overlay/src/lib/useSpotlightContext.tsx",
    "all": false,
    "statementMap": {
      "0": { "start": { "line": 1, "column": 0 }, "end": { "line": 1, "column": 73 } },
      "1": { "start": { "line": 2, "column": 0 }, "end": { "line": 2, "column": 51 } },
      "2": { "start": { "line": 3, "column": 0 }, "end": { "line": 3, "column": 68 } },
      "3": { "start": { "line": 4, "column": 0 }, "end": { "line": 4, "column": 0 } },
      "4": { "start": { "line": 5, "column": 0 }, "end": { "line": 5, "column": 49 } },
      "5": { "start": { "line": 6, "column": 0 }, "end": { "line": 6, "column": 17 } },
      "6": { "start": { "line": 7, "column": 0 }, "end": { "line": 7, "column": 18 } },
      "7": { "start": { "line": 8, "column": 0 }, "end": { "line": 8, "column": 35 } },
      "8": { "start": { "line": 9, "column": 0 }, "end": { "line": 9, "column": 3 } },
      "9": { "start": { "line": 10, "column": 0 }, "end": { "line": 10, "column": 0 } },
      "10": { "start": { "line": 11, "column": 0 }, "end": { "line": 11, "column": 49 } },
      "11": { "start": { "line": 12, "column": 0 }, "end": { "line": 12, "column": 22 } },
      "12": { "start": { "line": 13, "column": 0 }, "end": { "line": 13, "column": 28 } },
      "13": { "start": { "line": 14, "column": 0 }, "end": { "line": 14, "column": 33 } },
      "14": { "start": { "line": 15, "column": 0 }, "end": { "line": 15, "column": 73 } },
      "15": { "start": { "line": 16, "column": 0 }, "end": { "line": 16, "column": 2 } },
      "16": { "start": { "line": 17, "column": 0 }, "end": { "line": 17, "column": 0 } },
      "17": { "start": { "line": 18, "column": 0 }, "end": { "line": 18, "column": 42 } },
      "18": { "start": { "line": 19, "column": 0 }, "end": { "line": 19, "column": 29 } },
      "19": { "start": { "line": 20, "column": 0 }, "end": { "line": 20, "column": 2 } }
    },
    "s": {
      "0": 1,
      "1": 1,
      "2": 1,
      "3": 1,
      "4": 1,
      "5": 1,
      "6": 1,
      "7": 1,
      "8": 1,
      "9": 1,
      "10": 1,
      "11": 1,
      "12": 1,
      "13": 1,
      "14": 0,
      "15": 0,
      "16": 1,
      "17": 1,
      "18": 0,
      "19": 0
    },
    "branchMap": {},
    "b": {},
    "fnMap": {
      "0": {
        "name": "open",
        "decl": { "start": { "line": 6, "column": 8 }, "end": { "line": 6, "column": 17 } },
        "loc": { "start": { "line": 6, "column": 8 }, "end": { "line": 6, "column": 17 } },
        "line": 6
      },
      "1": {
        "name": "close",
        "decl": { "start": { "line": 7, "column": 9 }, "end": { "line": 7, "column": 18 } },
        "loc": { "start": { "line": 7, "column": 9 }, "end": { "line": 7, "column": 18 } },
        "line": 7
      },
      "2": {
        "name": "SpotlightContextProvider",
        "decl": { "start": { "line": 14, "column": 5 }, "end": { "line": 16, "column": 2 } },
        "loc": { "start": { "line": 14, "column": 5 }, "end": { "line": 16, "column": 2 } },
        "line": 14
      },
      "3": {
        "name": "useSpotlightContext",
        "decl": { "start": { "line": 18, "column": 35 }, "end": { "line": 20, "column": 2 } },
        "loc": { "start": { "line": 18, "column": 35 }, "end": { "line": 20, "column": 2 } },
        "line": 18
      }
    },
    "f": { "0": 0, "1": 0, "2": 0, "3": 0 }
  },
  "/home/newuser/Documents/spotlight/packages/overlay/src/lib/uuid.ts": {
    "path": "/home/newuser/Documents/spotlight/packages/overlay/src/lib/uuid.ts",
    "all": false,
    "statementMap": {
      "0": { "start": { "line": 1, "column": 0 }, "end": { "line": 1, "column": 35 } },
      "1": { "start": { "line": 2, "column": 0 }, "end": { "line": 2, "column": 32 } },
      "2": { "start": { "line": 3, "column": 0 }, "end": { "line": 3, "column": 75 } },
      "3": { "start": { "line": 4, "column": 0 }, "end": { "line": 4, "column": 66 } },
      "4": { "start": { "line": 5, "column": 0 }, "end": { "line": 5, "column": 30 } },
      "5": { "start": { "line": 6, "column": 0 }, "end": { "line": 6, "column": 29 } },
      "6": { "start": { "line": 7, "column": 0 }, "end": { "line": 7, "column": 62 } },
      "7": { "start": { "line": 8, "column": 0 }, "end": { "line": 8, "column": 5 } },
      "8": { "start": { "line": 9, "column": 0 }, "end": { "line": 9, "column": 1 } }
    },
    "s": { "0": 1, "1": 30, "2": 30, "3": 930, "4": 930, "5": 930, "6": 930, "7": 30, "8": 30 },
    "branchMap": {
      "0": {
        "type": "branch",
        "line": 1,
        "loc": { "start": { "line": 1, "column": 7 }, "end": { "line": 9, "column": 1 } },
        "locations": [{ "start": { "line": 1, "column": 7 }, "end": { "line": 9, "column": 1 } }]
      },
      "1": {
        "type": "branch",
        "line": 3,
        "loc": { "start": { "line": 3, "column": 61 }, "end": { "line": 8, "column": 3 } },
        "locations": [{ "start": { "line": 3, "column": 61 }, "end": { "line": 8, "column": 3 } }]
      },
      "2": {
        "type": "branch",
        "line": 7,
        "loc": { "start": { "line": 7, "column": 18 }, "end": { "line": 7, "column": 31 } },
        "locations": [{ "start": { "line": 7, "column": 18 }, "end": { "line": 7, "column": 31 } }]
      },
      "3": {
        "type": "branch",
        "line": 7,
        "loc": { "start": { "line": 7, "column": 24 }, "end": { "line": 7, "column": 49 } },
        "locations": [{ "start": { "line": 7, "column": 24 }, "end": { "line": 7, "column": 49 } }]
      }
    },
    "b": { "0": [30], "1": [930], "2": [900], "3": [30] },
    "fnMap": {
      "0": {
        "name": "generate_uuidv4",
        "decl": { "start": { "line": 1, "column": 7 }, "end": { "line": 9, "column": 1 } },
        "loc": { "start": { "line": 1, "column": 7 }, "end": { "line": 9, "column": 1 } },
        "line": 1
      }
    },
    "f": { "0": 30 }
  }
}
